#
# There is insufficient memory for the Java Runtime Environment to continue.
# Native memory allocation (mmap) failed to map 7331643392 bytes for G1 virtual space
# Possible reasons:
#   The system is out of physical RAM or swap space
#   The process is running with CompressedOops enabled, and the Java Heap may be blocking the growth of the native heap
# Possible solutions:
#   Reduce memory load on the system
#   Increase physical memory or swap space
#   Check if swap backing store is full
#   Decrease Java heap size (-Xmx/-Xms)
#   Decrease number of Java threads
#   Decrease Java thread stack sizes (-Xss)
#   Set larger code cache with -XX:ReservedCodeCacheSize=
#   JVM is running with Zero Based Compressed Oops mode in which the Java heap is
#     placed in the first 32GB address space. The Java Heap base address is the
#     maximum limit for the native heap growth. Please use -XX:HeapBaseMinAddress
#     to set the Java Heap base and to place the Java Heap above 32GB virtual address.
# This output file may be truncated or incomplete.
#
#  Out of Memory Error (os_windows.cpp:3528), pid=17572, tid=6708
#
# JRE version: Java(TM) SE Runtime Environment (20.0.1+9) (build 20.0.1+9-29)
# Java VM: Java HotSpot(TM) 64-Bit Server VM (20.0.1+9-29, mixed mode, sharing, tiered, compressed oops, compressed class ptrs, g1 gc, windows-amd64)
# No core dump will be written. Minidumps are not enabled by default on client versions of Windows
#

---------------  S U M M A R Y ------------

Command Line: -Xmx25g -ea C:/Users/dilsh/AppData/Local/R/win-library/4.3/h2o/java/h2o.jar -name H2O_started_from_R_dilsh_gur827 -ip localhost -web_ip localhost -port 54321 -ice_root C:/Users/dilsh/AppData/Local/Temp/RtmpE5cvNM -allow_unsupported_java

Host: 12th Gen Intel(R) Core(TM) i5-1235U, 12 cores, 7G,  Windows 11 , 64 bit Build 22621 (10.0.22621.2428)
Time: Fri Oct 27 20:03:14 2023 AUS Eastern Daylight Time elapsed time: 246.372835 seconds (0d 0h 4m 6s)

---------------  T H R E A D  ---------------

Current thread (0x000001e57873e5a0):  VMThread "VM Thread" [stack: 0x0000003202000000,0x0000003202100000] [id=6708]

Stack: [0x0000003202000000,0x0000003202100000]
Native frames: (J=compiled Java code, j=interpreted, Vv=VM code, C=native code)
V  [jvm.dll+0x6bb95a]
V  [jvm.dll+0x8485fa]
V  [jvm.dll+0x84a1f5]
V  [jvm.dll+0x84a8f3]
V  [jvm.dll+0x280b0f]
V  [jvm.dll+0x6b86e9]
V  [jvm.dll+0x6ad2da]
V  [jvm.dll+0x35adf5]
V  [jvm.dll+0x363016]
V  [jvm.dll+0x3b3b3e]
V  [jvm.dll+0x3b3dc5]
V  [jvm.dll+0x32b50a]
V  [jvm.dll+0x32b5b7]
V  [jvm.dll+0x373942]
V  [jvm.dll+0x372140]
V  [jvm.dll+0x32ac51]
V  [jvm.dll+0x371836]
V  [jvm.dll+0x85023e]
V  [jvm.dll+0x851351]
V  [jvm.dll+0x851859]
V  [jvm.dll+0x851ad3]
V  [jvm.dll+0x7f4b56]
V  [jvm.dll+0x6ba5cb]
C  [ucrtbase.dll+0x29363]
C  [KERNEL32.DLL+0x1257d]
C  [ntdll.dll+0x5aa78]

VM_Operation (0x0000003208bfeb90): G1CollectForAllocation, mode: safepoint, requested by thread 0x000001e57f804840


---------------  P R O C E S S  ---------------

Threads class SMR info:
_java_thread_list=0x000001e533881960, length=82, elements={
0x000001e57f684130, 0x000001e57f684f30, 0x000001e57f6882d0, 0x000001e57f68a030,
0x000001e57f68abd0, 0x000001e57f68f520, 0x000001e57f6963d0, 0x000001e57f6a1130,
0x000001e57f7d7b70, 0x000001e57f7de540, 0x000001e531ad97e0, 0x000001e53204b030,
0x000001e5320661a0, 0x000001e5320641e0, 0x000001e5320651d0, 0x000001e532065720,
0x000001e532064730, 0x000001e532064c80, 0x000001e5322bbe10, 0x000001e5322bce00,
0x000001e5322bc360, 0x000001e5322bc8b0, 0x000001e5322be890, 0x000001e5322ba380,
0x000001e5322b8e40, 0x000001e5322b83a0, 0x000001e5322bb370, 0x000001e5322bb8c0,
0x000001e5322ba8d0, 0x000001e5322b9390, 0x000001e5322bae20, 0x000001e532d8c690,
0x000001e532d8d130, 0x000001e532d8bbf0, 0x000001e532d8a6b0, 0x000001e532d8ac00,
0x000001e532d88180, 0x000001e532d886d0, 0x000001e532d8b6a0, 0x000001e532d89c10,
0x000001e532d86c40, 0x000001e532d87190, 0x000001e533341eb0, 0x000001e57f804d90,
0x000001e57f8082b0, 0x000001e57f808d50, 0x000001e57f8097f0, 0x000001e57f809d40,
0x000001e57f804840, 0x000001e57f80ad30, 0x000001e57f80c270, 0x000001e57f805830,
0x000001e57f8062d0, 0x000001e57f807d60, 0x000001e57f80b280, 0x000001e57f80b7d0,
0x000001e57f8072c0, 0x000001e57f807810, 0x000001e57f80bd20, 0x000001e57f806d70,
0x000001e5344815e0, 0x000001e534480b40, 0x000001e5344825d0, 0x000001e534482b20,
0x000001e53447f0b0, 0x000001e534483070, 0x000001e53447f600, 0x000001e5344835c0,
0x000001e534481b30, 0x000001e53447c0e0, 0x000001e534483b10, 0x000001e53447c630,
0x000001e53447cb80, 0x000001e53447d0d0, 0x000001e53447fb50, 0x000001e534481090,
0x000001e534482080, 0x000001e53426b030, 0x000001e534269050, 0x000001e53426dab0,
0x000001e53426d560, 0x000001e53426eff0
}

Java Threads: ( => current thread )
  0x000001e57f684130 JavaThread "Reference Handler" daemon [_thread_blocked, id=31400, stack(0x0000003202100000,0x0000003202200000)]
  0x000001e57f684f30 JavaThread "Finalizer" daemon [_thread_blocked, id=28032, stack(0x0000003202200000,0x0000003202300000)]
  0x000001e57f6882d0 JavaThread "Signal Dispatcher" daemon [_thread_blocked, id=9776, stack(0x0000003202300000,0x0000003202400000)]
  0x000001e57f68a030 JavaThread "Attach Listener" daemon [_thread_blocked, id=29656, stack(0x0000003202400000,0x0000003202500000)]
  0x000001e57f68abd0 JavaThread "Service Thread" daemon [_thread_blocked, id=8648, stack(0x0000003202500000,0x0000003202600000)]
  0x000001e57f68f520 JavaThread "Monitor Deflation Thread" daemon [_thread_blocked, id=27980, stack(0x0000003202600000,0x0000003202700000)]
  0x000001e57f6963d0 JavaThread "C2 CompilerThread0" daemon [_thread_blocked, id=24920, stack(0x0000003202700000,0x0000003202800000)]
  0x000001e57f6a1130 JavaThread "C1 CompilerThread0" daemon [_thread_blocked, id=11792, stack(0x0000003202800000,0x0000003202900000)]
  0x000001e57f7d7b70 JavaThread "Notification Thread" daemon [_thread_blocked, id=10560, stack(0x0000003202900000,0x0000003202a00000)]
  0x000001e57f7de540 JavaThread "Common-Cleaner" daemon [_thread_blocked, id=26724, stack(0x0000003202b00000,0x0000003202c00000)]
  0x000001e531ad97e0 JavaThread "qtp905080434-33" [_thread_blocked, id=12496, stack(0x0000003203600000,0x0000003203700000)]
  0x000001e53204b030 JavaThread "qtp905080434-34" [_thread_blocked, id=2468, stack(0x0000003203700000,0x0000003203800000)]
  0x000001e5320661a0 JavaThread "qtp905080434-36" [_thread_in_native, id=24540, stack(0x0000003203900000,0x0000003203a00000)]
  0x000001e5320641e0 JavaThread "qtp905080434-38-acceptor-0@8f17c02-ServerConnector@636836c{HTTP/1.1,[http/1.1]}{localhost:54321}" [_thread_blocked, id=1688, stack(0x0000003203b00000,0x0000003203c00000)]
  0x000001e5320651d0 JavaThread "qtp905080434-39" [_thread_in_native, id=33092, stack(0x0000003203c00000,0x0000003203d00000)]
  0x000001e532065720 JavaThread "qtp905080434-40" [_thread_in_native, id=11216, stack(0x0000003203d00000,0x0000003203e00000)]
  0x000001e532064730 JavaThread "Scheduler-1733022752" [_thread_blocked, id=9868, stack(0x0000003203e00000,0x0000003203f00000)]
  0x000001e532064c80 JavaThread "qtp905080434-42" [_thread_in_native, id=8652, stack(0x0000003203f00000,0x0000003204000000)]
  0x000001e5322bbe10 JavaThread "MemCleaner" daemon [_thread_blocked, id=20432, stack(0x0000003204000000,0x0000003204100000)]
  0x000001e5322bce00 JavaThread "Multi-UDP-R" [_thread_in_native, id=24860, stack(0x0000003204300000,0x0000003204400000)]
  0x000001e5322bc360 JavaThread "TCP-Accept" [_thread_in_native, id=10688, stack(0x0000003204400000,0x0000003204500000)]
  0x000001e5322bc8b0 JavaThread "Heartbeat" daemon [_thread_blocked, id=13888, stack(0x0000003204500000,0x0000003204600000)]
  0x000001e5322be890 JavaThread "ClientDisconnectCheckThread" daemon [_thread_blocked, id=30712, stack(0x0000003204600000,0x0000003204700000)]
  0x000001e5322ba380 JavaThread "DestroyJavaVM" [_thread_blocked, id=22856, stack(0x0000003201900000,0x0000003201a00000)]
  0x000001e5322b8e40 JavaThread "qtp905080434-51" [_thread_in_native, id=33632, stack(0x0000003204700000,0x0000003204800000)]
  0x000001e5322b83a0 JavaThread "FJ-126-15" daemon [_thread_blocked, id=28476, stack(0x0000003204800000,0x0000003204900000)]
  0x000001e5322bb370 JavaThread "FJ-1-15" daemon [_thread_blocked, id=33572, stack(0x0000003204a00000,0x0000003204b00000)]
  0x000001e5322bb8c0 JavaThread "qtp905080434-78" [_thread_in_native, id=11280, stack(0x0000003204c00000,0x0000003204d00000)]
  0x000001e5322ba8d0 JavaThread "FJ-1-29" daemon [_thread_blocked, id=13552, stack(0x0000003204e00000,0x0000003204f00000)]
  0x000001e5322b9390 JavaThread "FJ-1-11" daemon [_thread_blocked, id=20572, stack(0x0000003204f00000,0x0000003205000000)]
  0x000001e5322bae20 JavaThread "FJ-3-15" daemon [_thread_blocked, id=2408, stack(0x0000003205000000,0x0000003205100000)]
  0x000001e532d8c690 JavaThread "FJ-2-29" daemon [_thread_blocked, id=336, stack(0x0000003205100000,0x0000003205200000)]
  0x000001e532d8d130 JavaThread "FJ-3-29" daemon [_thread_blocked, id=23488, stack(0x0000003205200000,0x0000003205300000)]
  0x000001e532d8bbf0 JavaThread "FJ-3-11" daemon [_thread_blocked, id=27968, stack(0x0000003205300000,0x0000003205400000)]
  0x000001e532d8a6b0 JavaThread "FJ-3-25" daemon [_thread_blocked, id=28780, stack(0x0000003205400000,0x0000003205500000)]
  0x000001e532d8ac00 JavaThread "FJ-3-7" daemon [_thread_blocked, id=10300, stack(0x0000003205500000,0x0000003205600000)]
  0x000001e532d88180 JavaThread "FJ-3-21" daemon [_thread_blocked, id=32756, stack(0x0000003205600000,0x0000003205700000)]
  0x000001e532d886d0 JavaThread "FJ-4-15" daemon [_thread_blocked, id=8680, stack(0x0000003205700000,0x0000003205800000)]
  0x000001e532d8b6a0 JavaThread "FJ-3-3" daemon [_thread_blocked, id=24492, stack(0x0000003206200000,0x0000003206300000)]
  0x000001e532d89c10 JavaThread "FJ-3-27" daemon [_thread_blocked, id=26112, stack(0x0000003206300000,0x0000003206400000)]
  0x000001e532d86c40 JavaThread "FJ-3-31" daemon [_thread_blocked, id=4592, stack(0x0000003206400000,0x0000003206500000)]
  0x000001e532d87190 JavaThread "FJ-3-17" daemon [_thread_blocked, id=11716, stack(0x0000003206600000,0x0000003206700000)]
  0x000001e533341eb0 JavaThread "FJ-3-13" daemon [_thread_blocked, id=23052, stack(0x0000003206b00000,0x0000003206c00000)]
  0x000001e57f804d90 JavaThread "FJ-117-11" daemon [_thread_blocked, id=17732, stack(0x0000003208300000,0x0000003208400000)]
  0x000001e57f8082b0 JavaThread "FJ-4-29" daemon [_thread_blocked, id=25032, stack(0x0000003208700000,0x0000003208800000)]
  0x000001e57f808d50 JavaThread "FJ-4-11" daemon [_thread_blocked, id=27904, stack(0x0000003208800000,0x0000003208900000)]
  0x000001e57f8097f0 JavaThread "FJ-4-25" daemon [_thread_blocked, id=17708, stack(0x0000003208900000,0x0000003208a00000)]
  0x000001e57f809d40 JavaThread "FJ-4-7" daemon [_thread_blocked, id=28180, stack(0x0000003208a00000,0x0000003208b00000)]
  0x000001e57f804840 JavaThread "FJ-4-21" daemon [_thread_blocked, id=24748, stack(0x0000003208b00000,0x0000003208c00000)]
  0x000001e57f80ad30 JavaThread "FJ-4-17" daemon [_thread_blocked, id=25904, stack(0x0000003208d00000,0x0000003208e00000)]
  0x000001e57f80c270 JavaThread "FJ-4-31" daemon [_thread_blocked, id=12788, stack(0x0000003208e00000,0x0000003208f00000)]
  0x000001e57f805830 JavaThread "FJ-4-13" daemon [_thread_blocked, id=12744, stack(0x0000003208f00000,0x0000003209000000)]
  0x000001e57f8062d0 JavaThread "FJ-4-27" daemon [_thread_blocked, id=3648, stack(0x0000003209000000,0x0000003209100000)]
  0x000001e57f807d60 JavaThread "FJ-4-9" daemon [_thread_blocked, id=24684, stack(0x0000003209100000,0x0000003209200000)]
  0x000001e57f80b280 JavaThread "FJ-3-23" daemon [_thread_blocked, id=6160, stack(0x0000003209200000,0x0000003209300000)]
  0x000001e57f80b7d0 JavaThread "FJ-3-5" daemon [_thread_blocked, id=27992, stack(0x0000003209300000,0x0000003209400000)]
  0x000001e57f8072c0 JavaThread "FJ-3-19" daemon [_thread_blocked, id=2180, stack(0x0000003209400000,0x0000003209500000)]
  0x000001e57f807810 JavaThread "FJ-3-1" daemon [_thread_blocked, id=12120, stack(0x0000003209500000,0x0000003209600000)]
  0x000001e57f80bd20 JavaThread "FJ-3-33" daemon [_thread_blocked, id=6928, stack(0x0000003209600000,0x0000003209700000)]
  0x000001e57f806d70 JavaThread "FJ-3-61" daemon [_thread_blocked, id=14960, stack(0x0000003209700000,0x0000003209800000)]
  0x000001e5344815e0 JavaThread "FJ-3-45" daemon [_thread_blocked, id=16696, stack(0x0000003209800000,0x0000003209900000)]
  0x000001e534480b40 JavaThread "FJ-3-59" daemon [_thread_blocked, id=2772, stack(0x0000003209900000,0x0000003209a00000)]
  0x000001e5344825d0 JavaThread "FJ-3-39" daemon [_thread_blocked, id=30160, stack(0x0000003209a00000,0x0000003209b00000)]
  0x000001e534482b20 JavaThread "FJ-3-53" daemon [_thread_blocked, id=23664, stack(0x0000003209b00000,0x0000003209c00000)]
  0x000001e53447f0b0 JavaThread "FJ-3-51" daemon [_thread_blocked, id=16484, stack(0x0000003209c00000,0x0000003209d00000)]
  0x000001e534483070 JavaThread "FJ-3-37" daemon [_thread_blocked, id=10220, stack(0x0000003209d00000,0x0000003209e00000)]
  0x000001e53447f600 JavaThread "FJ-3-35" daemon [_thread_blocked, id=28904, stack(0x0000003209e00000,0x0000003209f00000)]
  0x000001e5344835c0 JavaThread "FJ-3-63" daemon [_thread_blocked, id=13004, stack(0x0000003209f00000,0x000000320a000000)]
  0x000001e534481b30 JavaThread "FJ-3-49" daemon [_thread_blocked, id=13288, stack(0x000000320a000000,0x000000320a100000)]
  0x000001e53447c0e0 JavaThread "FJ-3-43" daemon [_thread_blocked, id=32288, stack(0x000000320a100000,0x000000320a200000)]
  0x000001e534483b10 JavaThread "FJ-3-57" daemon [_thread_blocked, id=33256, stack(0x000000320a200000,0x000000320a300000)]
  0x000001e53447c630 JavaThread "FJ-3-41" daemon [_thread_blocked, id=18296, stack(0x000000320a300000,0x000000320a400000)]
  0x000001e53447cb80 JavaThread "FJ-3-55" daemon [_thread_blocked, id=33120, stack(0x000000320a400000,0x000000320a500000)]
  0x000001e53447d0d0 JavaThread "FJ-3-47" daemon [_thread_blocked, id=31844, stack(0x000000320a500000,0x000000320a600000)]
  0x000001e53447fb50 JavaThread "FJ-3-83" daemon [_thread_blocked, id=32720, stack(0x000000320a600000,0x000000320a700000)]
  0x000001e534481090 JavaThread "FJ-3-93" daemon [_thread_blocked, id=31020, stack(0x000000320a700000,0x000000320a800000)]
  0x000001e534482080 JavaThread "FJ-3-107" daemon [_thread_blocked, id=3336, stack(0x000000320a800000,0x000000320a900000)]
  0x000001e53426b030 JavaThread "FJ-4-23" daemon [_thread_blocked, id=24604, stack(0x0000003203500000,0x0000003203600000)]
  0x000001e534269050 JavaThread "FJ-2-49" daemon [_thread_blocked, id=27604, stack(0x0000003205800000,0x0000003205900000)]
  0x000001e53426dab0 JavaThread "qtp905080434-189" [_thread_blocked, id=4020, stack(0x0000003203a00000,0x0000003203b00000)]
  0x000001e53426d560 JavaThread "FJ-5-5" daemon [_thread_blocked, id=14476, stack(0x0000003204900000,0x0000003204a00000)]
  0x000001e53426eff0 JavaThread "qtp905080434-201" [_thread_blocked, id=3712, stack(0x0000003204b00000,0x0000003204c00000)]

Other Threads:
=>0x000001e57873e5a0 VMThread "VM Thread" [stack: 0x0000003202000000,0x0000003202100000] [id=6708]
  0x000001e57f7de0e0 WatcherThread "VM Periodic Task Thread" [stack: 0x0000003202a00000,0x0000003202b00000] [id=29760]
  0x000001e56fffdc80 WorkerThread "GC Thread#0" [stack: 0x0000003201b00000,0x0000003201c00000] [id=9224]
  0x000001e5314434a0 WorkerThread "GC Thread#1" [stack: 0x0000003202c00000,0x0000003202d00000] [id=84]
  0x000001e531442c30 WorkerThread "GC Thread#2" [stack: 0x0000003202d00000,0x0000003202e00000] [id=33016]
  0x000001e5314420f0 WorkerThread "GC Thread#3" [stack: 0x0000003202e00000,0x0000003202f00000] [id=33220]
  0x000001e5314423c0 WorkerThread "GC Thread#4" [stack: 0x0000003202f00000,0x0000003203000000] [id=21228]
  0x000001e5314431d0 WorkerThread "GC Thread#5" [stack: 0x0000003203000000,0x0000003203100000] [id=11180]
  0x000001e531442960 WorkerThread "GC Thread#6" [stack: 0x0000003203100000,0x0000003203200000] [id=5880]
  0x000001e531443d10 WorkerThread "GC Thread#7" [stack: 0x0000003203200000,0x0000003203300000] [id=20140]
  0x000001e531fd5230 WorkerThread "GC Thread#8" [stack: 0x0000003203300000,0x0000003203400000] [id=28824]
  0x000001e531fd65e0 WorkerThread "GC Thread#9" [stack: 0x0000003203400000,0x0000003203500000] [id=7596]
  0x000001e56fffec50 ConcurrentGCThread "G1 Main Marker" [stack: 0x0000003201c00000,0x0000003201d00000] [id=16292]
  0x000001e578616fa0 WorkerThread "G1 Conc#0" [stack: 0x0000003201d00000,0x0000003201e00000] [id=25560]
  0x000001e531fd5aa0 WorkerThread "G1 Conc#1" [stack: 0x0000003204100000,0x0000003204200000] [id=8140]
  0x000001e531fd49c0 WorkerThread "G1 Conc#2" [stack: 0x0000003204200000,0x0000003204300000] [id=18272]
  0x000001e57867b0a0 ConcurrentGCThread "G1 Refine#0" [stack: 0x0000003201e00000,0x0000003201f00000] [id=26344]
  0x000001e57867da60 ConcurrentGCThread "G1 Service" [stack: 0x0000003201f00000,0x0000003202000000] [id=21924]

Threads with active compile tasks:

VM state: at safepoint (normal execution)

VM Mutex/Monitor currently owned by a thread:  ([mutex/lock_event])
[0x000001e56ff67a60] Threads_lock - owner thread: 0x000001e57873e5a0
[0x000001e56ff67ee0] Heap_lock - owner thread: 0x000001e57f804840

Heap address: 0x00000001c0000000, size: 25600 MB, Compressed Oops mode: Zero based, Oop shift amount: 3

CDS archive(s) mapped at: [0x0000000800000000-0x0000000800c60000-0x0000000800c60000), size 12976128, SharedBaseAddress: 0x0000000800000000, ArchiveRelocationMode: 0.
Compressed class space mapped at: 0x0000000801000000-0x0000000841000000, reserved size: 1073741824
Narrow klass base: 0x0000000800000000, Narrow klass shift: 0, Narrow klass range: 0x100000000

GC Precious Log:
 CardTable entry size: 512
 Card Set container configuration: InlinePtr #cards 3 size 8 Array Of Cards #cards 128 size 272 Howl #buckets 8 coarsen threshold 29491 Howl Bitmap #cards 4096 size 528 coarsen threshold 3686 Card regions per heap region 1 cards per card region 32768
 CPUs: 12 total, 12 available
 Memory: 7863M
 Large Page Support: Disabled
 NUMA Support: Disabled
 Compressed Oops: Enabled (Zero based)
 Heap Region Size: 16M
 Heap Min Capacity: 16M
 Heap Initial Capacity: 128M
 Heap Max Capacity: 25G
 Pre-touch: Disabled
 Parallel Workers: 10
 Concurrent Workers: 3
 Concurrent Refinement Workers: 10
 Periodic GC: Disabled

Heap:
 garbage-first heap   total 5423104K, used 246179K [0x00000001c0000000, 0x0000000800000000)
  region size 16384K, 1 young (16384K), 1 survivors (16384K)
 Metaspace       used 39252K, committed 39808K, reserved 1114112K
  class space    used 4447K, committed 4672K, reserved 1048576K

Heap Regions: E=young(eden), S=young(survivor), O=old, HS=humongous(starts), HC=humongous(continues), CS=collection set, F=free, OA=open archive, CA=closed archive, TAMS=top-at-mark-start, PB=parsable bottom
|   0|0x00000001c0000000, 0x00000001c0fff488, 0x00000001c1000000| 99%| O|  |TAMS 0x00000001c0000000| PB 0x00000001c0000000| Untracked 
|   1|0x00000001c1000000, 0x00000001c2000000, 0x00000001c2000000|100%| O|  |TAMS 0x00000001c1000000| PB 0x00000001c1000000| Untracked 
|   2|0x00000001c2000000, 0x00000001c3000000, 0x00000001c3000000|100%| O|  |TAMS 0x00000001c2000000| PB 0x00000001c2000000| Untracked 
|   3|0x00000001c3000000, 0x00000001c4000000, 0x00000001c4000000|100%| O|  |TAMS 0x00000001c3000000| PB 0x00000001c3000000| Untracked 
|   4|0x00000001c4000000, 0x00000001c5000000, 0x00000001c5000000|100%| O|  |TAMS 0x00000001c4000000| PB 0x00000001c4000000| Untracked 
|   5|0x00000001c5000000, 0x00000001c6000000, 0x00000001c6000000|100%| O|  |TAMS 0x00000001c5000000| PB 0x00000001c5000000| Untracked 
|   6|0x00000001c6000000, 0x00000001c7000000, 0x00000001c7000000|100%| O|  |TAMS 0x00000001c6000000| PB 0x00000001c6000000| Untracked 
|   7|0x00000001c7000000, 0x00000001c8000000, 0x00000001c8000000|100%| O|  |TAMS 0x00000001c7000000| PB 0x00000001c7000000| Untracked 
|   8|0x00000001c8000000, 0x00000001c9000000, 0x00000001c9000000|100%| O|  |TAMS 0x00000001c8000000| PB 0x00000001c8000000| Untracked 
|   9|0x00000001c9000000, 0x00000001ca000000, 0x00000001ca000000|100%| O|  |TAMS 0x00000001c9000000| PB 0x00000001c9000000| Untracked 
|  10|0x00000001ca000000, 0x00000001cb000000, 0x00000001cb000000|100%| O|  |TAMS 0x00000001ca000000| PB 0x00000001ca000000| Untracked 
|  11|0x00000001cb000000, 0x00000001cc000000, 0x00000001cc000000|100%| O|  |TAMS 0x00000001cb000000| PB 0x00000001cb000000| Untracked 
|  12|0x00000001cc000000, 0x00000001cc745200, 0x00000001cd000000| 45%| O|  |TAMS 0x00000001cc000000| PB 0x00000001cc000000| Untracked 
|  13|0x00000001cd000000, 0x00000001cd000000, 0x00000001ce000000|  0%| F|  |TAMS 0x00000001cd000000| PB 0x00000001cd000000| Untracked 
|  14|0x00000001ce000000, 0x00000001ce000000, 0x00000001cf000000|  0%| F|  |TAMS 0x00000001ce000000| PB 0x00000001ce000000| Untracked 
|  15|0x00000001cf000000, 0x00000001cf000000, 0x00000001d0000000|  0%| F|  |TAMS 0x00000001cf000000| PB 0x00000001cf000000| Untracked 
|  16|0x00000001d0000000, 0x00000001d0000000, 0x00000001d1000000|  0%| F|  |TAMS 0x00000001d0000000| PB 0x00000001d0000000| Untracked 
|  17|0x00000001d1000000, 0x00000001d1000000, 0x00000001d2000000|  0%| F|  |TAMS 0x00000001d1000000| PB 0x00000001d1000000| Untracked 
|  18|0x00000001d2000000, 0x00000001d2000000, 0x00000001d3000000|  0%| F|  |TAMS 0x00000001d2000000| PB 0x00000001d2000000| Untracked 
|  19|0x00000001d3000000, 0x00000001d3000000, 0x00000001d4000000|  0%| F|  |TAMS 0x00000001d3000000| PB 0x00000001d3000000| Untracked 
|  20|0x00000001d4000000, 0x00000001d4000000, 0x00000001d5000000|  0%| F|  |TAMS 0x00000001d4000000| PB 0x00000001d4000000| Untracked 
|  21|0x00000001d5000000, 0x00000001d5000000, 0x00000001d6000000|  0%| F|  |TAMS 0x00000001d5000000| PB 0x00000001d5000000| Untracked 
|  22|0x00000001d6000000, 0x00000001d6000000, 0x00000001d7000000|  0%| F|  |TAMS 0x00000001d6000000| PB 0x00000001d6000000| Untracked 
|  23|0x00000001d7000000, 0x00000001d7000000, 0x00000001d8000000|  0%| F|  |TAMS 0x00000001d7000000| PB 0x00000001d7000000| Untracked 
|  24|0x00000001d8000000, 0x00000001d8000000, 0x00000001d9000000|  0%| F|  |TAMS 0x00000001d8000000| PB 0x00000001d8000000| Untracked 
|  25|0x00000001d9000000, 0x00000001d9000000, 0x00000001da000000|  0%| F|  |TAMS 0x00000001d9000000| PB 0x00000001d9000000| Untracked 
|  26|0x00000001da000000, 0x00000001da000000, 0x00000001db000000|  0%| F|  |TAMS 0x00000001da000000| PB 0x00000001da000000| Untracked 
|  27|0x00000001db000000, 0x00000001db000000, 0x00000001dc000000|  0%| F|  |TAMS 0x00000001db000000| PB 0x00000001db000000| Untracked 
|  28|0x00000001dc000000, 0x00000001dc000000, 0x00000001dd000000|  0%| F|  |TAMS 0x00000001dc000000| PB 0x00000001dc000000| Untracked 
|  29|0x00000001dd000000, 0x00000001dd000000, 0x00000001de000000|  0%| F|  |TAMS 0x00000001dd000000| PB 0x00000001dd000000| Untracked 
|  30|0x00000001de000000, 0x00000001de000000, 0x00000001df000000|  0%| F|  |TAMS 0x00000001de000000| PB 0x00000001de000000| Untracked 
|  31|0x00000001df000000, 0x00000001df000000, 0x00000001e0000000|  0%| F|  |TAMS 0x00000001df000000| PB 0x00000001df000000| Untracked 
|  32|0x00000001e0000000, 0x00000001e0000000, 0x00000001e1000000|  0%| F|  |TAMS 0x00000001e0000000| PB 0x00000001e0000000| Untracked 
|  33|0x00000001e1000000, 0x00000001e1000000, 0x00000001e2000000|  0%| F|  |TAMS 0x00000001e1000000| PB 0x00000001e1000000| Untracked 
|  34|0x00000001e2000000, 0x00000001e2000000, 0x00000001e3000000|  0%| F|  |TAMS 0x00000001e2000000| PB 0x00000001e2000000| Untracked 
|  35|0x00000001e3000000, 0x00000001e3000000, 0x00000001e4000000|  0%| F|  |TAMS 0x00000001e3000000| PB 0x00000001e3000000| Untracked 
|  36|0x00000001e4000000, 0x00000001e4000000, 0x00000001e5000000|  0%| F|  |TAMS 0x00000001e4000000| PB 0x00000001e4000000| Untracked 
|  37|0x00000001e5000000, 0x00000001e5000000, 0x00000001e6000000|  0%| F|  |TAMS 0x00000001e5000000| PB 0x00000001e5000000| Untracked 
|  38|0x00000001e6000000, 0x00000001e7000000, 0x00000001e7000000|100%| O|  |TAMS 0x00000001e6000000| PB 0x00000001e6000000| Untracked 
|  39|0x00000001e7000000, 0x00000001e7924600, 0x00000001e8000000| 57%| O|  |TAMS 0x00000001e7000000| PB 0x00000001e7000000| Untracked 
|  40|0x00000001e8000000, 0x00000001e8000000, 0x00000001e9000000|  0%| F|  |TAMS 0x00000001e8000000| PB 0x00000001e8000000| Untracked 
|  41|0x00000001e9000000, 0x00000001e9000000, 0x00000001ea000000|  0%| F|  |TAMS 0x00000001e9000000| PB 0x00000001e9000000| Untracked 
|  42|0x00000001ea000000, 0x00000001ea000000, 0x00000001eb000000|  0%| F|  |TAMS 0x00000001ea000000| PB 0x00000001ea000000| Untracked 
|  43|0x00000001eb000000, 0x00000001eb000000, 0x00000001ec000000|  0%| F|  |TAMS 0x00000001eb000000| PB 0x00000001eb000000| Untracked 
|  44|0x00000001ec000000, 0x00000001ec000000, 0x00000001ed000000|  0%| F|  |TAMS 0x00000001ec000000| PB 0x00000001ec000000| Untracked 
|  45|0x00000001ed000000, 0x00000001ed000000, 0x00000001ee000000|  0%| F|  |TAMS 0x00000001ed000000| PB 0x00000001ed000000| Untracked 
|  46|0x00000001ee000000, 0x00000001ee000000, 0x00000001ef000000|  0%| F|  |TAMS 0x00000001ee000000| PB 0x00000001ee000000| Untracked 
|  47|0x00000001ef000000, 0x00000001ef000000, 0x00000001f0000000|  0%| F|  |TAMS 0x00000001ef000000| PB 0x00000001ef000000| Untracked 
|  48|0x00000001f0000000, 0x00000001f0000000, 0x00000001f1000000|  0%| F|  |TAMS 0x00000001f0000000| PB 0x00000001f0000000| Untracked 
|  49|0x00000001f1000000, 0x00000001f1000000, 0x00000001f2000000|  0%| F|  |TAMS 0x00000001f1000000| PB 0x00000001f1000000| Untracked 
|  50|0x00000001f2000000, 0x00000001f2000000, 0x00000001f3000000|  0%| F|  |TAMS 0x00000001f2000000| PB 0x00000001f2000000| Untracked 
|  51|0x00000001f3000000, 0x00000001f3000000, 0x00000001f4000000|  0%| F|  |TAMS 0x00000001f3000000| PB 0x00000001f3000000| Untracked 
|  52|0x00000001f4000000, 0x00000001f4000000, 0x00000001f5000000|  0%| F|  |TAMS 0x00000001f4000000| PB 0x00000001f4000000| Untracked 
|  53|0x00000001f5000000, 0x00000001f5000000, 0x00000001f6000000|  0%| F|  |TAMS 0x00000001f5000000| PB 0x00000001f5000000| Untracked 
|  54|0x00000001f6000000, 0x00000001f6000000, 0x00000001f7000000|  0%| F|  |TAMS 0x00000001f6000000| PB 0x00000001f6000000| Untracked 
|  55|0x00000001f7000000, 0x00000001f7000000, 0x00000001f8000000|  0%| F|  |TAMS 0x00000001f7000000| PB 0x00000001f7000000| Untracked 
|  56|0x00000001f8000000, 0x00000001f8000000, 0x00000001f9000000|  0%| F|  |TAMS 0x00000001f8000000| PB 0x00000001f8000000| Untracked 
|  57|0x00000001f9000000, 0x00000001f9000000, 0x00000001fa000000|  0%| F|  |TAMS 0x00000001f9000000| PB 0x00000001f9000000| Untracked 
|  58|0x00000001fa000000, 0x00000001fa000000, 0x00000001fb000000|  0%| F|  |TAMS 0x00000001fa000000| PB 0x00000001fa000000| Untracked 
|  59|0x00000001fb000000, 0x00000001fb000000, 0x00000001fc000000|  0%| F|  |TAMS 0x00000001fb000000| PB 0x00000001fb000000| Untracked 
|  60|0x00000001fc000000, 0x00000001fc000000, 0x00000001fd000000|  0%| F|  |TAMS 0x00000001fc000000| PB 0x00000001fc000000| Untracked 
|  61|0x00000001fd000000, 0x00000001fd000000, 0x00000001fe000000|  0%| F|  |TAMS 0x00000001fd000000| PB 0x00000001fd000000| Untracked 
|  62|0x00000001fe000000, 0x00000001fe000000, 0x00000001ff000000|  0%| F|  |TAMS 0x00000001fe000000| PB 0x00000001fe000000| Untracked 
|  63|0x00000001ff000000, 0x00000001ff000000, 0x0000000200000000|  0%| F|  |TAMS 0x00000001ff000000| PB 0x00000001ff000000| Untracked 
|  64|0x0000000200000000, 0x0000000200000000, 0x0000000201000000|  0%| F|  |TAMS 0x0000000200000000| PB 0x0000000200000000| Untracked 
|  65|0x0000000201000000, 0x0000000201000000, 0x0000000202000000|  0%| F|  |TAMS 0x0000000201000000| PB 0x0000000201000000| Untracked 
|  66|0x0000000202000000, 0x0000000202000000, 0x0000000203000000|  0%| F|  |TAMS 0x0000000202000000| PB 0x0000000202000000| Untracked 
|  67|0x0000000203000000, 0x0000000203000000, 0x0000000204000000|  0%| F|  |TAMS 0x0000000203000000| PB 0x0000000203000000| Untracked 
|  68|0x0000000204000000, 0x0000000204000000, 0x0000000205000000|  0%| F|  |TAMS 0x0000000204000000| PB 0x0000000204000000| Untracked 
|  69|0x0000000205000000, 0x0000000205000000, 0x0000000206000000|  0%| F|  |TAMS 0x0000000205000000| PB 0x0000000205000000| Untracked 
|  70|0x0000000206000000, 0x0000000206000000, 0x0000000207000000|  0%| F|  |TAMS 0x0000000206000000| PB 0x0000000206000000| Untracked 
|  71|0x0000000207000000, 0x0000000207000000, 0x0000000208000000|  0%| F|  |TAMS 0x0000000207000000| PB 0x0000000207000000| Untracked 
|  72|0x0000000208000000, 0x0000000208000000, 0x0000000209000000|  0%| F|  |TAMS 0x0000000208000000| PB 0x0000000208000000| Untracked 
|  73|0x0000000209000000, 0x0000000209000000, 0x000000020a000000|  0%| F|  |TAMS 0x0000000209000000| PB 0x0000000209000000| Untracked 
|  74|0x000000020a000000, 0x000000020a000000, 0x000000020b000000|  0%| F|  |TAMS 0x000000020a000000| PB 0x000000020a000000| Untracked 
|  75|0x000000020b000000, 0x000000020b000000, 0x000000020c000000|  0%| F|  |TAMS 0x000000020b000000| PB 0x000000020b000000| Untracked 
|  76|0x000000020c000000, 0x000000020c000000, 0x000000020d000000|  0%| F|  |TAMS 0x000000020c000000| PB 0x000000020c000000| Untracked 
|  77|0x000000020d000000, 0x000000020d000000, 0x000000020e000000|  0%| F|  |TAMS 0x000000020d000000| PB 0x000000020d000000| Untracked 
|  78|0x000000020e000000, 0x000000020e000000, 0x000000020f000000|  0%| F|  |TAMS 0x000000020e000000| PB 0x000000020e000000| Untracked 
|  79|0x000000020f000000, 0x000000020f000000, 0x0000000210000000|  0%| F|  |TAMS 0x000000020f000000| PB 0x000000020f000000| Untracked 
|  80|0x0000000210000000, 0x0000000210000000, 0x0000000211000000|  0%| F|  |TAMS 0x0000000210000000| PB 0x0000000210000000| Untracked 
|  81|0x0000000211000000, 0x0000000211000000, 0x0000000212000000|  0%| F|  |TAMS 0x0000000211000000| PB 0x0000000211000000| Untracked 
|  82|0x0000000212000000, 0x0000000212000000, 0x0000000213000000|  0%| F|  |TAMS 0x0000000212000000| PB 0x0000000212000000| Untracked 
|  83|0x0000000213000000, 0x0000000213000000, 0x0000000214000000|  0%| F|  |TAMS 0x0000000213000000| PB 0x0000000213000000| Untracked 
|  84|0x0000000214000000, 0x0000000214000000, 0x0000000215000000|  0%| F|  |TAMS 0x0000000214000000| PB 0x0000000214000000| Untracked 
|  85|0x0000000215000000, 0x0000000215000000, 0x0000000216000000|  0%| F|  |TAMS 0x0000000215000000| PB 0x0000000215000000| Untracked 
|  86|0x0000000216000000, 0x0000000216000000, 0x0000000217000000|  0%| F|  |TAMS 0x0000000216000000| PB 0x0000000216000000| Untracked 
|  87|0x0000000217000000, 0x0000000217000000, 0x0000000218000000|  0%| F|  |TAMS 0x0000000217000000| PB 0x0000000217000000| Untracked 
|  88|0x0000000218000000, 0x0000000218000000, 0x0000000219000000|  0%| F|  |TAMS 0x0000000218000000| PB 0x0000000218000000| Untracked 
|  89|0x0000000219000000, 0x0000000219000000, 0x000000021a000000|  0%| F|  |TAMS 0x0000000219000000| PB 0x0000000219000000| Untracked 
|  90|0x000000021a000000, 0x000000021a000000, 0x000000021b000000|  0%| F|  |TAMS 0x000000021a000000| PB 0x000000021a000000| Untracked 
|  91|0x000000021b000000, 0x000000021b000000, 0x000000021c000000|  0%| F|  |TAMS 0x000000021b000000| PB 0x000000021b000000| Untracked 
|  92|0x000000021c000000, 0x000000021c000000, 0x000000021d000000|  0%| F|  |TAMS 0x000000021c000000| PB 0x000000021c000000| Untracked 
|  93|0x000000021d000000, 0x000000021d000000, 0x000000021e000000|  0%| F|  |TAMS 0x000000021d000000| PB 0x000000021d000000| Untracked 
|  94|0x000000021e000000, 0x000000021e000000, 0x000000021f000000|  0%| F|  |TAMS 0x000000021e000000| PB 0x000000021e000000| Untracked 
|  95|0x000000021f000000, 0x000000021f000000, 0x0000000220000000|  0%| F|  |TAMS 0x000000021f000000| PB 0x000000021f000000| Untracked 
|  96|0x0000000220000000, 0x0000000220000000, 0x0000000221000000|  0%| F|  |TAMS 0x0000000220000000| PB 0x0000000220000000| Untracked 
|  97|0x0000000221000000, 0x0000000221000000, 0x0000000222000000|  0%| F|  |TAMS 0x0000000221000000| PB 0x0000000221000000| Untracked 
|  98|0x0000000222000000, 0x0000000222000000, 0x0000000223000000|  0%| F|  |TAMS 0x0000000222000000| PB 0x0000000222000000| Untracked 
|  99|0x0000000223000000, 0x0000000223000000, 0x0000000224000000|  0%| F|  |TAMS 0x0000000223000000| PB 0x0000000223000000| Untracked 
| 100|0x0000000224000000, 0x0000000224000000, 0x0000000225000000|  0%| F|  |TAMS 0x0000000224000000| PB 0x0000000224000000| Untracked 
| 101|0x0000000225000000, 0x0000000225000000, 0x0000000226000000|  0%| F|  |TAMS 0x0000000225000000| PB 0x0000000225000000| Untracked 
| 102|0x0000000226000000, 0x0000000226000000, 0x0000000227000000|  0%| F|  |TAMS 0x0000000226000000| PB 0x0000000226000000| Untracked 
| 103|0x0000000227000000, 0x0000000227000000, 0x0000000228000000|  0%| F|  |TAMS 0x0000000227000000| PB 0x0000000227000000| Untracked 
| 104|0x0000000228000000, 0x0000000228000000, 0x0000000229000000|  0%| F|  |TAMS 0x0000000228000000| PB 0x0000000228000000| Untracked 
| 105|0x0000000229000000, 0x0000000229000000, 0x000000022a000000|  0%| F|  |TAMS 0x0000000229000000| PB 0x0000000229000000| Untracked 
| 106|0x000000022a000000, 0x000000022a000000, 0x000000022b000000|  0%| F|  |TAMS 0x000000022a000000| PB 0x000000022a000000| Untracked 
| 107|0x000000022b000000, 0x000000022b000000, 0x000000022c000000|  0%| F|  |TAMS 0x000000022b000000| PB 0x000000022b000000| Untracked 
| 108|0x000000022c000000, 0x000000022c000000, 0x000000022d000000|  0%| F|  |TAMS 0x000000022c000000| PB 0x000000022c000000| Untracked 
| 109|0x000000022d000000, 0x000000022d000000, 0x000000022e000000|  0%| F|  |TAMS 0x000000022d000000| PB 0x000000022d000000| Untracked 
| 110|0x000000022e000000, 0x000000022e000000, 0x000000022f000000|  0%| F|  |TAMS 0x000000022e000000| PB 0x000000022e000000| Untracked 
| 111|0x000000022f000000, 0x000000022f000000, 0x0000000230000000|  0%| F|  |TAMS 0x000000022f000000| PB 0x000000022f000000| Untracked 
| 112|0x0000000230000000, 0x0000000230000000, 0x0000000231000000|  0%| F|  |TAMS 0x0000000230000000| PB 0x0000000230000000| Untracked 
| 113|0x0000000231000000, 0x0000000231000000, 0x0000000232000000|  0%| F|  |TAMS 0x0000000231000000| PB 0x0000000231000000| Untracked 
| 114|0x0000000232000000, 0x0000000232000000, 0x0000000233000000|  0%| F|  |TAMS 0x0000000232000000| PB 0x0000000232000000| Untracked 
| 115|0x0000000233000000, 0x0000000233000000, 0x0000000234000000|  0%| F|  |TAMS 0x0000000233000000| PB 0x0000000233000000| Untracked 
| 116|0x0000000234000000, 0x0000000234000000, 0x0000000235000000|  0%| F|  |TAMS 0x0000000234000000| PB 0x0000000234000000| Untracked 
| 117|0x0000000235000000, 0x0000000235000000, 0x0000000236000000|  0%| F|  |TAMS 0x0000000235000000| PB 0x0000000235000000| Untracked 
| 118|0x0000000236000000, 0x0000000236000000, 0x0000000237000000|  0%| F|  |TAMS 0x0000000236000000| PB 0x0000000236000000| Untracked 
| 119|0x0000000237000000, 0x0000000237000000, 0x0000000238000000|  0%| F|  |TAMS 0x0000000237000000| PB 0x0000000237000000| Untracked 
| 120|0x0000000238000000, 0x0000000238000000, 0x0000000239000000|  0%| F|  |TAMS 0x0000000238000000| PB 0x0000000238000000| Untracked 
| 121|0x0000000239000000, 0x0000000239000000, 0x000000023a000000|  0%| F|  |TAMS 0x0000000239000000| PB 0x0000000239000000| Untracked 
| 122|0x000000023a000000, 0x000000023a000000, 0x000000023b000000|  0%| F|  |TAMS 0x000000023a000000| PB 0x000000023a000000| Untracked 
| 123|0x000000023b000000, 0x000000023b000000, 0x000000023c000000|  0%| F|  |TAMS 0x000000023b000000| PB 0x000000023b000000| Untracked 
| 124|0x000000023c000000, 0x000000023c000000, 0x000000023d000000|  0%| F|  |TAMS 0x000000023c000000| PB 0x000000023c000000| Untracked 
| 125|0x000000023d000000, 0x000000023d000000, 0x000000023e000000|  0%| F|  |TAMS 0x000000023d000000| PB 0x000000023d000000| Untracked 
| 126|0x000000023e000000, 0x000000023e000000, 0x000000023f000000|  0%| F|  |TAMS 0x000000023e000000| PB 0x000000023e000000| Untracked 
| 127|0x000000023f000000, 0x000000023f000000, 0x0000000240000000|  0%| F|  |TAMS 0x000000023f000000| PB 0x000000023f000000| Untracked 
| 128|0x0000000240000000, 0x0000000240000000, 0x0000000241000000|  0%| F|  |TAMS 0x0000000240000000| PB 0x0000000240000000| Untracked 
| 129|0x0000000241000000, 0x0000000241000000, 0x0000000242000000|  0%| F|  |TAMS 0x0000000241000000| PB 0x0000000241000000| Untracked 
| 130|0x0000000242000000, 0x0000000242000000, 0x0000000243000000|  0%| F|  |TAMS 0x0000000242000000| PB 0x0000000242000000| Untracked 
| 131|0x0000000243000000, 0x0000000243000000, 0x0000000244000000|  0%| F|  |TAMS 0x0000000243000000| PB 0x0000000243000000| Untracked 
| 132|0x0000000244000000, 0x0000000244000000, 0x0000000245000000|  0%| F|  |TAMS 0x0000000244000000| PB 0x0000000244000000| Untracked 
| 133|0x0000000245000000, 0x0000000245000000, 0x0000000246000000|  0%| F|  |TAMS 0x0000000245000000| PB 0x0000000245000000| Untracked 
| 134|0x0000000246000000, 0x0000000246000000, 0x0000000247000000|  0%| F|  |TAMS 0x0000000246000000| PB 0x0000000246000000| Untracked 
| 135|0x0000000247000000, 0x0000000247000000, 0x0000000248000000|  0%| F|  |TAMS 0x0000000247000000| PB 0x0000000247000000| Untracked 
| 136|0x0000000248000000, 0x0000000248000000, 0x0000000249000000|  0%| F|  |TAMS 0x0000000248000000| PB 0x0000000248000000| Untracked 
| 137|0x0000000249000000, 0x0000000249000000, 0x000000024a000000|  0%| F|  |TAMS 0x0000000249000000| PB 0x0000000249000000| Untracked 
| 138|0x000000024a000000, 0x000000024a000000, 0x000000024b000000|  0%| F|  |TAMS 0x000000024a000000| PB 0x000000024a000000| Untracked 
| 139|0x000000024b000000, 0x000000024b000000, 0x000000024c000000|  0%| F|  |TAMS 0x000000024b000000| PB 0x000000024b000000| Untracked 
| 140|0x000000024c000000, 0x000000024c000000, 0x000000024d000000|  0%| F|  |TAMS 0x000000024c000000| PB 0x000000024c000000| Untracked 
| 141|0x000000024d000000, 0x000000024d000000, 0x000000024e000000|  0%| F|  |TAMS 0x000000024d000000| PB 0x000000024d000000| Untracked 
| 142|0x000000024e000000, 0x000000024e000000, 0x000000024f000000|  0%| F|  |TAMS 0x000000024e000000| PB 0x000000024e000000| Untracked 
| 143|0x000000024f000000, 0x000000024f000000, 0x0000000250000000|  0%| F|  |TAMS 0x000000024f000000| PB 0x000000024f000000| Untracked 
| 144|0x0000000250000000, 0x0000000250000000, 0x0000000251000000|  0%| F|  |TAMS 0x0000000250000000| PB 0x0000000250000000| Untracked 
| 145|0x0000000251000000, 0x0000000251000000, 0x0000000252000000|  0%| F|  |TAMS 0x0000000251000000| PB 0x0000000251000000| Untracked 
| 146|0x0000000252000000, 0x0000000252000000, 0x0000000253000000|  0%| F|  |TAMS 0x0000000252000000| PB 0x0000000252000000| Untracked 
| 147|0x0000000253000000, 0x0000000253000000, 0x0000000254000000|  0%| F|  |TAMS 0x0000000253000000| PB 0x0000000253000000| Untracked 
| 148|0x0000000254000000, 0x0000000254000000, 0x0000000255000000|  0%| F|  |TAMS 0x0000000254000000| PB 0x0000000254000000| Untracked 
| 149|0x0000000255000000, 0x0000000255000000, 0x0000000256000000|  0%| F|  |TAMS 0x0000000255000000| PB 0x0000000255000000| Untracked 
| 150|0x0000000256000000, 0x0000000256000000, 0x0000000257000000|  0%| F|  |TAMS 0x0000000256000000| PB 0x0000000256000000| Untracked 
| 151|0x0000000257000000, 0x0000000257000000, 0x0000000258000000|  0%| F|  |TAMS 0x0000000257000000| PB 0x0000000257000000| Untracked 
| 152|0x0000000258000000, 0x0000000258000000, 0x0000000259000000|  0%| F|  |TAMS 0x0000000258000000| PB 0x0000000258000000| Untracked 
| 153|0x0000000259000000, 0x0000000259000000, 0x000000025a000000|  0%| F|  |TAMS 0x0000000259000000| PB 0x0000000259000000| Untracked 
| 154|0x000000025a000000, 0x000000025a000000, 0x000000025b000000|  0%| F|  |TAMS 0x000000025a000000| PB 0x000000025a000000| Untracked 
| 155|0x000000025b000000, 0x000000025b000000, 0x000000025c000000|  0%| F|  |TAMS 0x000000025b000000| PB 0x000000025b000000| Untracked 
| 156|0x000000025c000000, 0x000000025c000000, 0x000000025d000000|  0%| F|  |TAMS 0x000000025c000000| PB 0x000000025c000000| Untracked 
| 157|0x000000025d000000, 0x000000025d000000, 0x000000025e000000|  0%| F|  |TAMS 0x000000025d000000| PB 0x000000025d000000| Untracked 
| 158|0x000000025e000000, 0x000000025e000000, 0x000000025f000000|  0%| F|  |TAMS 0x000000025e000000| PB 0x000000025e000000| Untracked 
| 159|0x000000025f000000, 0x000000025f000000, 0x0000000260000000|  0%| F|  |TAMS 0x000000025f000000| PB 0x000000025f000000| Untracked 
| 160|0x0000000260000000, 0x0000000260000000, 0x0000000261000000|  0%| F|  |TAMS 0x0000000260000000| PB 0x0000000260000000| Untracked 
| 161|0x0000000261000000, 0x0000000261000000, 0x0000000262000000|  0%| F|  |TAMS 0x0000000261000000| PB 0x0000000261000000| Untracked 
| 162|0x0000000262000000, 0x0000000262000000, 0x0000000263000000|  0%| F|  |TAMS 0x0000000262000000| PB 0x0000000262000000| Untracked 
| 163|0x0000000263000000, 0x0000000263000000, 0x0000000264000000|  0%| F|  |TAMS 0x0000000263000000| PB 0x0000000263000000| Untracked 
| 164|0x0000000264000000, 0x0000000264000000, 0x0000000265000000|  0%| F|  |TAMS 0x0000000264000000| PB 0x0000000264000000| Untracked 
| 165|0x0000000265000000, 0x0000000265000000, 0x0000000266000000|  0%| F|  |TAMS 0x0000000265000000| PB 0x0000000265000000| Untracked 
| 166|0x0000000266000000, 0x0000000266000000, 0x0000000267000000|  0%| F|  |TAMS 0x0000000266000000| PB 0x0000000266000000| Untracked 
| 167|0x0000000267000000, 0x0000000267000000, 0x0000000268000000|  0%| F|  |TAMS 0x0000000267000000| PB 0x0000000267000000| Untracked 
| 168|0x0000000268000000, 0x0000000268000000, 0x0000000269000000|  0%| F|  |TAMS 0x0000000268000000| PB 0x0000000268000000| Untracked 
| 169|0x0000000269000000, 0x0000000269000000, 0x000000026a000000|  0%| F|  |TAMS 0x0000000269000000| PB 0x0000000269000000| Untracked 
| 170|0x000000026a000000, 0x000000026a000000, 0x000000026b000000|  0%| F|  |TAMS 0x000000026a000000| PB 0x000000026a000000| Untracked 
| 171|0x000000026b000000, 0x000000026b000000, 0x000000026c000000|  0%| F|  |TAMS 0x000000026b000000| PB 0x000000026b000000| Untracked 
| 172|0x000000026c000000, 0x000000026c000000, 0x000000026d000000|  0%| F|  |TAMS 0x000000026c000000| PB 0x000000026c000000| Untracked 
| 173|0x000000026d000000, 0x000000026d000000, 0x000000026e000000|  0%| F|  |TAMS 0x000000026d000000| PB 0x000000026d000000| Untracked 
| 174|0x000000026e000000, 0x000000026e000000, 0x000000026f000000|  0%| F|  |TAMS 0x000000026e000000| PB 0x000000026e000000| Untracked 
| 175|0x000000026f000000, 0x000000026f000000, 0x0000000270000000|  0%| F|  |TAMS 0x000000026f000000| PB 0x000000026f000000| Untracked 
| 176|0x0000000270000000, 0x0000000270000000, 0x0000000271000000|  0%| F|  |TAMS 0x0000000270000000| PB 0x0000000270000000| Untracked 
| 177|0x0000000271000000, 0x0000000271000000, 0x0000000272000000|  0%| F|  |TAMS 0x0000000271000000| PB 0x0000000271000000| Untracked 
| 178|0x0000000272000000, 0x0000000272000000, 0x0000000273000000|  0%| F|  |TAMS 0x0000000272000000| PB 0x0000000272000000| Untracked 
| 179|0x0000000273000000, 0x0000000273000000, 0x0000000274000000|  0%| F|  |TAMS 0x0000000273000000| PB 0x0000000273000000| Untracked 
| 180|0x0000000274000000, 0x0000000274000000, 0x0000000275000000|  0%| F|  |TAMS 0x0000000274000000| PB 0x0000000274000000| Untracked 
| 181|0x0000000275000000, 0x0000000275000000, 0x0000000276000000|  0%| F|  |TAMS 0x0000000275000000| PB 0x0000000275000000| Untracked 
| 182|0x0000000276000000, 0x0000000276000000, 0x0000000277000000|  0%| F|  |TAMS 0x0000000276000000| PB 0x0000000276000000| Untracked 
| 183|0x0000000277000000, 0x0000000277000000, 0x0000000278000000|  0%| F|  |TAMS 0x0000000277000000| PB 0x0000000277000000| Untracked 
| 184|0x0000000278000000, 0x0000000278000000, 0x0000000279000000|  0%| F|  |TAMS 0x0000000278000000| PB 0x0000000278000000| Untracked 
| 185|0x0000000279000000, 0x0000000279000000, 0x000000027a000000|  0%| F|  |TAMS 0x0000000279000000| PB 0x0000000279000000| Untracked 
| 186|0x000000027a000000, 0x000000027a000000, 0x000000027b000000|  0%| F|  |TAMS 0x000000027a000000| PB 0x000000027a000000| Untracked 
| 187|0x000000027b000000, 0x000000027b000000, 0x000000027c000000|  0%| F|  |TAMS 0x000000027b000000| PB 0x000000027b000000| Untracked 
| 188|0x000000027c000000, 0x000000027c000000, 0x000000027d000000|  0%| F|  |TAMS 0x000000027c000000| PB 0x000000027c000000| Untracked 
| 189|0x000000027d000000, 0x000000027d000000, 0x000000027e000000|  0%| F|  |TAMS 0x000000027d000000| PB 0x000000027d000000| Untracked 
| 190|0x000000027e000000, 0x000000027e000000, 0x000000027f000000|  0%| F|  |TAMS 0x000000027e000000| PB 0x000000027e000000| Untracked 
| 191|0x000000027f000000, 0x000000027f000000, 0x0000000280000000|  0%| F|  |TAMS 0x000000027f000000| PB 0x000000027f000000| Untracked 
| 192|0x0000000280000000, 0x0000000280000000, 0x0000000281000000|  0%| F|  |TAMS 0x0000000280000000| PB 0x0000000280000000| Untracked 
| 193|0x0000000281000000, 0x0000000281000000, 0x0000000282000000|  0%| F|  |TAMS 0x0000000281000000| PB 0x0000000281000000| Untracked 
| 194|0x0000000282000000, 0x0000000282000000, 0x0000000283000000|  0%| F|  |TAMS 0x0000000282000000| PB 0x0000000282000000| Untracked 
| 195|0x0000000283000000, 0x0000000283000000, 0x0000000284000000|  0%| F|  |TAMS 0x0000000283000000| PB 0x0000000283000000| Untracked 
| 196|0x0000000284000000, 0x0000000284000000, 0x0000000285000000|  0%| F|  |TAMS 0x0000000284000000| PB 0x0000000284000000| Untracked 
| 197|0x0000000285000000, 0x0000000285000000, 0x0000000286000000|  0%| F|  |TAMS 0x0000000285000000| PB 0x0000000285000000| Untracked 
| 198|0x0000000286000000, 0x0000000286000000, 0x0000000287000000|  0%| F|  |TAMS 0x0000000286000000| PB 0x0000000286000000| Untracked 
| 199|0x0000000287000000, 0x0000000287000000, 0x0000000288000000|  0%| F|  |TAMS 0x0000000287000000| PB 0x0000000287000000| Untracked 
| 200|0x0000000288000000, 0x0000000288000000, 0x0000000289000000|  0%| F|  |TAMS 0x0000000288000000| PB 0x0000000288000000| Untracked 
| 201|0x0000000289000000, 0x0000000289000000, 0x000000028a000000|  0%| F|  |TAMS 0x0000000289000000| PB 0x0000000289000000| Untracked 
| 202|0x000000028a000000, 0x000000028a000000, 0x000000028b000000|  0%| F|  |TAMS 0x000000028a000000| PB 0x000000028a000000| Untracked 
| 203|0x000000028b000000, 0x000000028b000000, 0x000000028c000000|  0%| F|  |TAMS 0x000000028b000000| PB 0x000000028b000000| Untracked 
| 204|0x000000028c000000, 0x000000028c000000, 0x000000028d000000|  0%| F|  |TAMS 0x000000028c000000| PB 0x000000028c000000| Untracked 
| 205|0x000000028d000000, 0x000000028d000000, 0x000000028e000000|  0%| F|  |TAMS 0x000000028d000000| PB 0x000000028d000000| Untracked 
| 206|0x000000028e000000, 0x000000028e000000, 0x000000028f000000|  0%| F|  |TAMS 0x000000028e000000| PB 0x000000028e000000| Untracked 
| 207|0x000000028f000000, 0x000000028f000000, 0x0000000290000000|  0%| F|  |TAMS 0x000000028f000000| PB 0x000000028f000000| Untracked 
| 208|0x0000000290000000, 0x0000000290000000, 0x0000000291000000|  0%| F|  |TAMS 0x0000000290000000| PB 0x0000000290000000| Untracked 
| 209|0x0000000291000000, 0x0000000291000000, 0x0000000292000000|  0%| F|  |TAMS 0x0000000291000000| PB 0x0000000291000000| Untracked 
| 210|0x0000000292000000, 0x0000000292000000, 0x0000000293000000|  0%| F|  |TAMS 0x0000000292000000| PB 0x0000000292000000| Untracked 
| 211|0x0000000293000000, 0x0000000293000000, 0x0000000294000000|  0%| F|  |TAMS 0x0000000293000000| PB 0x0000000293000000| Untracked 
| 212|0x0000000294000000, 0x0000000294000000, 0x0000000295000000|  0%| F|  |TAMS 0x0000000294000000| PB 0x0000000294000000| Untracked 
| 213|0x0000000295000000, 0x0000000295000000, 0x0000000296000000|  0%| F|  |TAMS 0x0000000295000000| PB 0x0000000295000000| Untracked 
| 214|0x0000000296000000, 0x0000000296000000, 0x0000000297000000|  0%| F|  |TAMS 0x0000000296000000| PB 0x0000000296000000| Untracked 
| 215|0x0000000297000000, 0x0000000297000000, 0x0000000298000000|  0%| F|  |TAMS 0x0000000297000000| PB 0x0000000297000000| Untracked 
| 216|0x0000000298000000, 0x0000000298000000, 0x0000000299000000|  0%| F|  |TAMS 0x0000000298000000| PB 0x0000000298000000| Untracked 
| 217|0x0000000299000000, 0x0000000299000000, 0x000000029a000000|  0%| F|  |TAMS 0x0000000299000000| PB 0x0000000299000000| Untracked 
| 218|0x000000029a000000, 0x000000029a000000, 0x000000029b000000|  0%| F|  |TAMS 0x000000029a000000| PB 0x000000029a000000| Untracked 
| 219|0x000000029b000000, 0x000000029b000000, 0x000000029c000000|  0%| F|  |TAMS 0x000000029b000000| PB 0x000000029b000000| Untracked 
| 220|0x000000029c000000, 0x000000029c000000, 0x000000029d000000|  0%| F|  |TAMS 0x000000029c000000| PB 0x000000029c000000| Untracked 
| 221|0x000000029d000000, 0x000000029d000000, 0x000000029e000000|  0%| F|  |TAMS 0x000000029d000000| PB 0x000000029d000000| Untracked 
| 222|0x000000029e000000, 0x000000029e000000, 0x000000029f000000|  0%| F|  |TAMS 0x000000029e000000| PB 0x000000029e000000| Untracked 
| 223|0x000000029f000000, 0x000000029f000000, 0x00000002a0000000|  0%| F|  |TAMS 0x000000029f000000| PB 0x000000029f000000| Untracked 
| 224|0x00000002a0000000, 0x00000002a0000000, 0x00000002a1000000|  0%| F|  |TAMS 0x00000002a0000000| PB 0x00000002a0000000| Untracked 
| 225|0x00000002a1000000, 0x00000002a1000000, 0x00000002a2000000|  0%| F|  |TAMS 0x00000002a1000000| PB 0x00000002a1000000| Untracked 
| 226|0x00000002a2000000, 0x00000002a2000000, 0x00000002a3000000|  0%| F|  |TAMS 0x00000002a2000000| PB 0x00000002a2000000| Untracked 
| 227|0x00000002a3000000, 0x00000002a3000000, 0x00000002a4000000|  0%| F|  |TAMS 0x00000002a3000000| PB 0x00000002a3000000| Untracked 
| 228|0x00000002a4000000, 0x00000002a4000000, 0x00000002a5000000|  0%| F|  |TAMS 0x00000002a4000000| PB 0x00000002a4000000| Untracked 
| 229|0x00000002a5000000, 0x00000002a5000000, 0x00000002a6000000|  0%| F|  |TAMS 0x00000002a5000000| PB 0x00000002a5000000| Untracked 
| 230|0x00000002a6000000, 0x00000002a6000000, 0x00000002a7000000|  0%| F|  |TAMS 0x00000002a6000000| PB 0x00000002a6000000| Untracked 
| 231|0x00000002a7000000, 0x00000002a7000000, 0x00000002a8000000|  0%| F|  |TAMS 0x00000002a7000000| PB 0x00000002a7000000| Untracked 
| 232|0x00000002a8000000, 0x00000002a8000000, 0x00000002a9000000|  0%| F|  |TAMS 0x00000002a8000000| PB 0x00000002a8000000| Untracked 
| 233|0x00000002a9000000, 0x00000002a9000000, 0x00000002aa000000|  0%| F|  |TAMS 0x00000002a9000000| PB 0x00000002a9000000| Untracked 
| 234|0x00000002aa000000, 0x00000002aa000000, 0x00000002ab000000|  0%| F|  |TAMS 0x00000002aa000000| PB 0x00000002aa000000| Untracked 
| 235|0x00000002ab000000, 0x00000002ab000000, 0x00000002ac000000|  0%| F|  |TAMS 0x00000002ab000000| PB 0x00000002ab000000| Untracked 
| 236|0x00000002ac000000, 0x00000002ac000000, 0x00000002ad000000|  0%| F|  |TAMS 0x00000002ac000000| PB 0x00000002ac000000| Untracked 
| 237|0x00000002ad000000, 0x00000002ad000000, 0x00000002ae000000|  0%| F|  |TAMS 0x00000002ad000000| PB 0x00000002ad000000| Untracked 
| 238|0x00000002ae000000, 0x00000002ae000000, 0x00000002af000000|  0%| F|  |TAMS 0x00000002ae000000| PB 0x00000002ae000000| Untracked 
| 239|0x00000002af000000, 0x00000002af000000, 0x00000002b0000000|  0%| F|  |TAMS 0x00000002af000000| PB 0x00000002af000000| Untracked 
| 240|0x00000002b0000000, 0x00000002b0000000, 0x00000002b1000000|  0%| F|  |TAMS 0x00000002b0000000| PB 0x00000002b0000000| Untracked 
| 241|0x00000002b1000000, 0x00000002b1000000, 0x00000002b2000000|  0%| F|  |TAMS 0x00000002b1000000| PB 0x00000002b1000000| Untracked 
| 242|0x00000002b2000000, 0x00000002b2000000, 0x00000002b3000000|  0%| F|  |TAMS 0x00000002b2000000| PB 0x00000002b2000000| Untracked 
| 243|0x00000002b3000000, 0x00000002b3000000, 0x00000002b4000000|  0%| F|  |TAMS 0x00000002b3000000| PB 0x00000002b3000000| Untracked 
| 244|0x00000002b4000000, 0x00000002b4000000, 0x00000002b5000000|  0%| F|  |TAMS 0x00000002b4000000| PB 0x00000002b4000000| Untracked 
| 245|0x00000002b5000000, 0x00000002b5000000, 0x00000002b6000000|  0%| F|  |TAMS 0x00000002b5000000| PB 0x00000002b5000000| Untracked 
| 246|0x00000002b6000000, 0x00000002b6000000, 0x00000002b7000000|  0%| F|  |TAMS 0x00000002b6000000| PB 0x00000002b6000000| Untracked 
| 247|0x00000002b7000000, 0x00000002b7000000, 0x00000002b8000000|  0%| F|  |TAMS 0x00000002b7000000| PB 0x00000002b7000000| Untracked 
| 248|0x00000002b8000000, 0x00000002b8000000, 0x00000002b9000000|  0%| F|  |TAMS 0x00000002b8000000| PB 0x00000002b8000000| Untracked 
| 249|0x00000002b9000000, 0x00000002b9000000, 0x00000002ba000000|  0%| F|  |TAMS 0x00000002b9000000| PB 0x00000002b9000000| Untracked 
| 250|0x00000002ba000000, 0x00000002ba000000, 0x00000002bb000000|  0%| F|  |TAMS 0x00000002ba000000| PB 0x00000002ba000000| Untracked 
| 251|0x00000002bb000000, 0x00000002bb000000, 0x00000002bc000000|  0%| F|  |TAMS 0x00000002bb000000| PB 0x00000002bb000000| Untracked 
| 252|0x00000002bc000000, 0x00000002bc000000, 0x00000002bd000000|  0%| F|  |TAMS 0x00000002bc000000| PB 0x00000002bc000000| Untracked 
| 253|0x00000002bd000000, 0x00000002bd000000, 0x00000002be000000|  0%| F|  |TAMS 0x00000002bd000000| PB 0x00000002bd000000| Untracked 
| 254|0x00000002be000000, 0x00000002be000000, 0x00000002bf000000|  0%| F|  |TAMS 0x00000002be000000| PB 0x00000002be000000| Untracked 
| 255|0x00000002bf000000, 0x00000002bf000000, 0x00000002c0000000|  0%| F|  |TAMS 0x00000002bf000000| PB 0x00000002bf000000| Untracked 
| 256|0x00000002c0000000, 0x00000002c0000000, 0x00000002c1000000|  0%| F|  |TAMS 0x00000002c0000000| PB 0x00000002c0000000| Untracked 
| 257|0x00000002c1000000, 0x00000002c1000000, 0x00000002c2000000|  0%| F|  |TAMS 0x00000002c1000000| PB 0x00000002c1000000| Untracked 
| 258|0x00000002c2000000, 0x00000002c2000000, 0x00000002c3000000|  0%| F|  |TAMS 0x00000002c2000000| PB 0x00000002c2000000| Untracked 
| 259|0x00000002c3000000, 0x00000002c3000000, 0x00000002c4000000|  0%| F|  |TAMS 0x00000002c3000000| PB 0x00000002c3000000| Untracked 
| 260|0x00000002c4000000, 0x00000002c4000000, 0x00000002c5000000|  0%| F|  |TAMS 0x00000002c4000000| PB 0x00000002c4000000| Untracked 
| 261|0x00000002c5000000, 0x00000002c5000000, 0x00000002c6000000|  0%| F|  |TAMS 0x00000002c5000000| PB 0x00000002c5000000| Untracked 
| 262|0x00000002c6000000, 0x00000002c6000000, 0x00000002c7000000|  0%| F|  |TAMS 0x00000002c6000000| PB 0x00000002c6000000| Untracked 
| 263|0x00000002c7000000, 0x00000002c7000000, 0x00000002c8000000|  0%| F|  |TAMS 0x00000002c7000000| PB 0x00000002c7000000| Untracked 
| 264|0x00000002c8000000, 0x00000002c8000000, 0x00000002c9000000|  0%| F|  |TAMS 0x00000002c8000000| PB 0x00000002c8000000| Untracked 
| 265|0x00000002c9000000, 0x00000002c9000000, 0x00000002ca000000|  0%| F|  |TAMS 0x00000002c9000000| PB 0x00000002c9000000| Untracked 
| 266|0x00000002ca000000, 0x00000002ca000000, 0x00000002cb000000|  0%| F|  |TAMS 0x00000002ca000000| PB 0x00000002ca000000| Untracked 
| 267|0x00000002cb000000, 0x00000002cb000000, 0x00000002cc000000|  0%| F|  |TAMS 0x00000002cb000000| PB 0x00000002cb000000| Untracked 
| 268|0x00000002cc000000, 0x00000002cc000000, 0x00000002cd000000|  0%| F|  |TAMS 0x00000002cc000000| PB 0x00000002cc000000| Untracked 
| 269|0x00000002cd000000, 0x00000002cd000000, 0x00000002ce000000|  0%| F|  |TAMS 0x00000002cd000000| PB 0x00000002cd000000| Untracked 
| 270|0x00000002ce000000, 0x00000002ce000000, 0x00000002cf000000|  0%| F|  |TAMS 0x00000002ce000000| PB 0x00000002ce000000| Untracked 
| 271|0x00000002cf000000, 0x00000002cf000000, 0x00000002d0000000|  0%| F|  |TAMS 0x00000002cf000000| PB 0x00000002cf000000| Untracked 
| 272|0x00000002d0000000, 0x00000002d0000000, 0x00000002d1000000|  0%| F|  |TAMS 0x00000002d0000000| PB 0x00000002d0000000| Untracked 
| 273|0x00000002d1000000, 0x00000002d1000000, 0x00000002d2000000|  0%| F|  |TAMS 0x00000002d1000000| PB 0x00000002d1000000| Untracked 
| 274|0x00000002d2000000, 0x00000002d2000000, 0x00000002d3000000|  0%| F|  |TAMS 0x00000002d2000000| PB 0x00000002d2000000| Untracked 
| 275|0x00000002d3000000, 0x00000002d3000000, 0x00000002d4000000|  0%| F|  |TAMS 0x00000002d3000000| PB 0x00000002d3000000| Untracked 
| 276|0x00000002d4000000, 0x00000002d4000000, 0x00000002d5000000|  0%| F|  |TAMS 0x00000002d4000000| PB 0x00000002d4000000| Untracked 
| 277|0x00000002d5000000, 0x00000002d5000000, 0x00000002d6000000|  0%| F|  |TAMS 0x00000002d5000000| PB 0x00000002d5000000| Untracked 
| 278|0x00000002d6000000, 0x00000002d6000000, 0x00000002d7000000|  0%| F|  |TAMS 0x00000002d6000000| PB 0x00000002d6000000| Untracked 
| 279|0x00000002d7000000, 0x00000002d7000000, 0x00000002d8000000|  0%| F|  |TAMS 0x00000002d7000000| PB 0x00000002d7000000| Untracked 
| 280|0x00000002d8000000, 0x00000002d8000000, 0x00000002d9000000|  0%| F|  |TAMS 0x00000002d8000000| PB 0x00000002d8000000| Untracked 
| 281|0x00000002d9000000, 0x00000002d9000000, 0x00000002da000000|  0%| F|  |TAMS 0x00000002d9000000| PB 0x00000002d9000000| Untracked 
| 282|0x00000002da000000, 0x00000002da000000, 0x00000002db000000|  0%| F|  |TAMS 0x00000002da000000| PB 0x00000002da000000| Untracked 
| 283|0x00000002db000000, 0x00000002db000000, 0x00000002dc000000|  0%| F|  |TAMS 0x00000002db000000| PB 0x00000002db000000| Untracked 
| 284|0x00000002dc000000, 0x00000002dc000000, 0x00000002dd000000|  0%| F|  |TAMS 0x00000002dc000000| PB 0x00000002dc000000| Untracked 
| 285|0x00000002dd000000, 0x00000002dd000000, 0x00000002de000000|  0%| F|  |TAMS 0x00000002dd000000| PB 0x00000002dd000000| Untracked 
| 286|0x00000002de000000, 0x00000002de000000, 0x00000002df000000|  0%| F|  |TAMS 0x00000002de000000| PB 0x00000002de000000| Untracked 
| 287|0x00000002df000000, 0x00000002df000000, 0x00000002e0000000|  0%| F|  |TAMS 0x00000002df000000| PB 0x00000002df000000| Untracked 
| 288|0x00000002e0000000, 0x00000002e0000000, 0x00000002e1000000|  0%| F|  |TAMS 0x00000002e0000000| PB 0x00000002e0000000| Untracked 
| 289|0x00000002e1000000, 0x00000002e1000000, 0x00000002e2000000|  0%| F|  |TAMS 0x00000002e1000000| PB 0x00000002e1000000| Untracked 
| 290|0x00000002e2000000, 0x00000002e2000000, 0x00000002e3000000|  0%| F|  |TAMS 0x00000002e2000000| PB 0x00000002e2000000| Untracked 
| 291|0x00000002e3000000, 0x00000002e3000000, 0x00000002e4000000|  0%| F|  |TAMS 0x00000002e3000000| PB 0x00000002e3000000| Untracked 
| 292|0x00000002e4000000, 0x00000002e4000000, 0x00000002e5000000|  0%| F|  |TAMS 0x00000002e4000000| PB 0x00000002e4000000| Untracked 
| 293|0x00000002e5000000, 0x00000002e5000000, 0x00000002e6000000|  0%| F|  |TAMS 0x00000002e5000000| PB 0x00000002e5000000| Untracked 
| 294|0x00000002e6000000, 0x00000002e6000000, 0x00000002e7000000|  0%| F|  |TAMS 0x00000002e6000000| PB 0x00000002e6000000| Untracked 
| 295|0x00000002e7000000, 0x00000002e7000000, 0x00000002e8000000|  0%| F|  |TAMS 0x00000002e7000000| PB 0x00000002e7000000| Untracked 
| 296|0x00000002e8000000, 0x00000002e8000000, 0x00000002e9000000|  0%| F|  |TAMS 0x00000002e8000000| PB 0x00000002e8000000| Untracked 
| 297|0x00000002e9000000, 0x00000002e9000000, 0x00000002ea000000|  0%| F|  |TAMS 0x00000002e9000000| PB 0x00000002e9000000| Untracked 
| 298|0x00000002ea000000, 0x00000002ea000000, 0x00000002eb000000|  0%| F|  |TAMS 0x00000002ea000000| PB 0x00000002ea000000| Untracked 
| 299|0x00000002eb000000, 0x00000002eb000000, 0x00000002ec000000|  0%| F|  |TAMS 0x00000002eb000000| PB 0x00000002eb000000| Untracked 
| 300|0x00000002ec000000, 0x00000002ec000000, 0x00000002ed000000|  0%| F|  |TAMS 0x00000002ec000000| PB 0x00000002ec000000| Untracked 
| 301|0x00000002ed000000, 0x00000002ed000000, 0x00000002ee000000|  0%| F|  |TAMS 0x00000002ed000000| PB 0x00000002ed000000| Untracked 
| 302|0x00000002ee000000, 0x00000002ee000000, 0x00000002ef000000|  0%| F|  |TAMS 0x00000002ee000000| PB 0x00000002ee000000| Untracked 
| 303|0x00000002ef000000, 0x00000002ef000000, 0x00000002f0000000|  0%| F|  |TAMS 0x00000002ef000000| PB 0x00000002ef000000| Untracked 
| 304|0x00000002f0000000, 0x00000002f0000000, 0x00000002f1000000|  0%| F|  |TAMS 0x00000002f0000000| PB 0x00000002f0000000| Untracked 
| 305|0x00000002f1000000, 0x00000002f1000000, 0x00000002f2000000|  0%| F|  |TAMS 0x00000002f1000000| PB 0x00000002f1000000| Untracked 
| 306|0x00000002f2000000, 0x00000002f2000000, 0x00000002f3000000|  0%| F|  |TAMS 0x00000002f2000000| PB 0x00000002f2000000| Untracked 
| 307|0x00000002f3000000, 0x00000002f3000000, 0x00000002f4000000|  0%| F|  |TAMS 0x00000002f3000000| PB 0x00000002f3000000| Untracked 
| 308|0x00000002f4000000, 0x00000002f4000000, 0x00000002f5000000|  0%| F|  |TAMS 0x00000002f4000000| PB 0x00000002f4000000| Untracked 
| 309|0x00000002f5000000, 0x00000002f5000000, 0x00000002f6000000|  0%| F|  |TAMS 0x00000002f5000000| PB 0x00000002f5000000| Untracked 
| 310|0x00000002f6000000, 0x00000002f6000000, 0x00000002f7000000|  0%| F|  |TAMS 0x00000002f6000000| PB 0x00000002f6000000| Untracked 
| 311|0x00000002f7000000, 0x00000002f7000000, 0x00000002f8000000|  0%| F|  |TAMS 0x00000002f7000000| PB 0x00000002f7000000| Untracked 
| 312|0x00000002f8000000, 0x00000002f8000000, 0x00000002f9000000|  0%| F|  |TAMS 0x00000002f8000000| PB 0x00000002f8000000| Untracked 
| 313|0x00000002f9000000, 0x00000002f9000000, 0x00000002fa000000|  0%| F|  |TAMS 0x00000002f9000000| PB 0x00000002f9000000| Untracked 
| 314|0x00000002fa000000, 0x00000002fb000000, 0x00000002fb000000|100%| S|CS|TAMS 0x00000002fa000000| PB 0x00000002fa000000| Complete 
| 315|0x00000002fb000000, 0x00000002fb000000, 0x00000002fc000000|  0%| F|  |TAMS 0x00000002fb000000| PB 0x00000002fb000000| Untracked 
| 316|0x00000002fc000000, 0x00000002fc000000, 0x00000002fd000000|  0%| F|  |TAMS 0x00000002fc000000| PB 0x00000002fc000000| Untracked 
| 317|0x00000002fd000000, 0x00000002fd000000, 0x00000002fe000000|  0%| F|  |TAMS 0x00000002fd000000| PB 0x00000002fd000000| Untracked 
| 318|0x00000002fe000000, 0x00000002fe000000, 0x00000002ff000000|  0%| F|  |TAMS 0x00000002fe000000| PB 0x00000002fe000000| Untracked 
| 319|0x00000002ff000000, 0x00000002ff000000, 0x0000000300000000|  0%| F|  |TAMS 0x00000002ff000000| PB 0x00000002ff000000| Untracked 
| 320|0x0000000300000000, 0x0000000300000000, 0x0000000301000000|  0%| F|  |TAMS 0x0000000300000000| PB 0x0000000300000000| Untracked 
| 321|0x0000000301000000, 0x0000000301000000, 0x0000000302000000|  0%| F|  |TAMS 0x0000000301000000| PB 0x0000000301000000| Untracked 
| 322|0x0000000302000000, 0x0000000302000000, 0x0000000303000000|  0%| F|  |TAMS 0x0000000302000000| PB 0x0000000302000000| Untracked 
| 323|0x0000000303000000, 0x0000000303000000, 0x0000000304000000|  0%| F|  |TAMS 0x0000000303000000| PB 0x0000000303000000| Untracked 
| 324|0x0000000304000000, 0x0000000304000000, 0x0000000305000000|  0%| F|  |TAMS 0x0000000304000000| PB 0x0000000304000000| Untracked 
| 325|0x0000000305000000, 0x0000000305000000, 0x0000000306000000|  0%| F|  |TAMS 0x0000000305000000| PB 0x0000000305000000| Untracked 
| 326|0x0000000306000000, 0x0000000306000000, 0x0000000307000000|  0%| F|  |TAMS 0x0000000306000000| PB 0x0000000306000000| Untracked 
| 327|0x0000000307000000, 0x0000000307000000, 0x0000000308000000|  0%| F|  |TAMS 0x0000000307000000| PB 0x0000000307000000| Untracked 
| 328|0x0000000308000000, 0x0000000308000000, 0x0000000309000000|  0%| F|  |TAMS 0x0000000308000000| PB 0x0000000308000000| Untracked 
| 329|0x0000000309000000, 0x0000000309000000, 0x000000030a000000|  0%| F|  |TAMS 0x0000000309000000| PB 0x0000000309000000| Untracked 
| 330|0x000000030a000000, 0x000000030a000000, 0x000000030b000000|  0%| F|  |TAMS 0x000000030a000000| PB 0x000000030a000000| Untracked 

Card table byte_map: [0x000001e57b940000,0x000001e57eb40000] _byte_map_base: 0x000001e57ab40000

Marking Bits: (CMBitMap*) 0x000001e56fffe1c0
 Bits: [0x000001e512200000, 0x000001e52b200000)

Polling page: 0x000001e56dd50000

Metaspace:

Usage:
  Non-class:     33.99 MB used.
      Class:      4.34 MB used.
       Both:     38.33 MB used.

Virtual space:
  Non-class space:       64.00 MB reserved,      34.31 MB ( 54%) committed,  1 nodes.
      Class space:        1.00 GB reserved,       4.56 MB ( <1%) committed,  1 nodes.
             Both:        1.06 GB reserved,      38.88 MB (  4%) committed. 

Chunk freelists:
   Non-Class:  1.23 MB
       Class:  3.38 MB
        Both:  4.61 MB

MaxMetaspaceSize: unlimited
CompressedClassSpaceSize: 1.00 GB
Initial GC threshold: 21.00 MB
Current GC threshold: 60.62 MB
CDS: on
MetaspaceReclaimPolicy: balanced
 - commit_granule_bytes: 65536.
 - commit_granule_words: 8192.
 - virtual_space_node_default_size: 8388608.
 - enlarge_chunks_in_place: 1.
 - new_chunks_are_fully_committed: 0.
 - uncommit_free_chunks: 1.
 - use_allocation_guard: 0.


Internal statistics:

num_allocs_failed_limit: 3.
num_arena_births: 698.
num_arena_deaths: 0.
num_vsnodes_births: 2.
num_vsnodes_deaths: 0.
num_space_committed: 621.
num_space_uncommitted: 0.
num_chunks_returned_to_freelist: 3.
num_chunks_taken_from_freelist: 1878.
num_chunk_merges: 0.
num_chunk_splits: 1361.
num_chunks_enlarged: 1056.
num_inconsistent_stats: 0.

CodeHeap 'non-profiled nmethods': size=120000Kb used=9999Kb max_used=9999Kb free=110000Kb
 bounds [0x000001e507ad0000, 0x000001e5084a0000, 0x000001e50f000000]
CodeHeap 'profiled nmethods': size=120000Kb used=20654Kb max_used=20654Kb free=99345Kb
 bounds [0x000001e500000000, 0x000001e501430000, 0x000001e507530000]
CodeHeap 'non-nmethods': size=5760Kb used=1806Kb max_used=1866Kb free=3953Kb
 bounds [0x000001e507530000, 0x000001e5077a0000, 0x000001e507ad0000]
 total_blobs=9879 nmethods=9104 adapters=684
 compilation: enabled
              stopped_count=0, restarted_count=0
 full_count=0

Compilation events (20 events):
Event: 237.613 Thread 0x000001e57f6a1130 9649       1       water.util.TwoDimTable::getCellValues (5 bytes)
Event: 237.614 Thread 0x000001e57f6a1130 nmethod 9649 0x000001e508493b90 code [0x000001e508493d00, 0x000001e508493dd0]
Event: 238.560 Thread 0x000001e57f6a1130 9652       3       water.H2ONode$H2Okey::getInternalPort (5 bytes)
Event: 238.563 Thread 0x000001e57f6a1130 nmethod 9652 0x000001e501428190 code [0x000001e501428320, 0x000001e5014284b0]
Event: 238.773 Thread 0x000001e57f6a1130 9653       3       java.nio.ByteBuffer::<init> (14 bytes)
Event: 238.775 Thread 0x000001e57f6a1130 nmethod 9653 0x000001e501428590 code [0x000001e501428720, 0x000001e501428870]
Event: 239.038 Thread 0x000001e57f6a1130 9654       3       jdk.internal.math.FDBigInteger::leftShift (395 bytes)
Event: 239.045 Thread 0x000001e57f6a1130 nmethod 9654 0x000001e501428910 code [0x000001e501428b60, 0x000001e5014298e8]
Event: 239.603 Thread 0x000001e57f6a1130 9655       3       java.util.Collections::singletonSpliterator (9 bytes)
Event: 239.620 Thread 0x000001e57f6a1130 nmethod 9655 0x000001e501429d90 code [0x000001e501429f20, 0x000001e50142a1a0]
Event: 239.620 Thread 0x000001e57f6a1130 9656       3       java.util.Collections$2::<init> (15 bytes)
Event: 239.621 Thread 0x000001e57f6a1130 nmethod 9656 0x000001e50142a290 code [0x000001e50142a420, 0x000001e50142a600]
Event: 239.621 Thread 0x000001e57f6a1130 9657       3       java.util.Collections$2::forEachRemaining (7 bytes)
Event: 239.622 Thread 0x000001e57f6a1130 nmethod 9657 0x000001e50142a710 code [0x000001e50142a8a0, 0x000001e50142a9f0]
Event: 239.623 Thread 0x000001e57f6a1130 9658       3       java.util.concurrent.atomic.AtomicLong::incrementAndGet (14 bytes)
Event: 239.625 Thread 0x000001e57f6a1130 nmethod 9658 0x000001e50142aa90 code [0x000001e50142ac20, 0x000001e50142ad48]
Event: 240.958 Thread 0x000001e57f6a1130 9659       3       java.util.HashMap$HashMapSpliterator::getFence (53 bytes)
Event: 240.962 Thread 0x000001e57f6a1130 nmethod 9659 0x000001e50142ae10 code [0x000001e50142afa0, 0x000001e50142b168]
Event: 241.999 Thread 0x000001e57f6a1130 9660       3       java.util.Collections$SingletonSet::spliterator (8 bytes)
Event: 241.999 Thread 0x000001e57f6a1130 nmethod 9660 0x000001e50142b290 code [0x000001e50142b440, 0x000001e50142b740]

GC Heap History (20 events):
Event: 168.656 GC heap after
{Heap after GC invocations=105 (full 1):
 garbage-first heap   total 5423104K, used 195494K [0x00000001c0000000, 0x0000000800000000)
  region size 16384K, 6 young (98304K), 6 survivors (98304K)
 Metaspace       used 39012K, committed 39552K, reserved 1114112K
  class space    used 4442K, committed 4672K, reserved 1048576K
}
Event: 186.799 GC heap before
{Heap before GC invocations=105 (full 1):
 garbage-first heap   total 5423104K, used 3341222K [0x00000001c0000000, 0x0000000800000000)
  region size 16384K, 198 young (3244032K), 6 survivors (98304K)
 Metaspace       used 39057K, committed 39616K, reserved 1114112K
  class space    used 4442K, committed 4672K, reserved 1048576K
}
Event: 187.108 GC heap after
{Heap after GC invocations=106 (full 1):
 garbage-first heap   total 5423104K, used 176351K [0x00000001c0000000, 0x0000000800000000)
  region size 16384K, 4 young (65536K), 4 survivors (65536K)
 Metaspace       used 39057K, committed 39616K, reserved 1114112K
  class space    used 4442K, committed 4672K, reserved 1048576K
}
Event: 196.872 GC heap before
{Heap before GC invocations=106 (full 1):
 garbage-first heap   total 5423104K, used 2093279K [0x00000001c0000000, 0x0000000800000000)
  region size 16384K, 121 young (1982464K), 4 survivors (65536K)
 Metaspace       used 39083K, committed 39616K, reserved 1114112K
  class space    used 4444K, committed 4672K, reserved 1048576K
}
Event: 196.958 GC heap after
{Heap after GC invocations=107 (full 1):
 garbage-first heap   total 5423104K, used 196290K [0x00000001c0000000, 0x0000000800000000)
  region size 16384K, 6 young (98304K), 6 survivors (98304K)
 Metaspace       used 39083K, committed 39616K, reserved 1114112K
  class space    used 4444K, committed 4672K, reserved 1048576K
}
Event: 197.115 GC heap before
{Heap before GC invocations=107 (full 1):
 garbage-first heap   total 5423104K, used 360130K [0x00000001c0000000, 0x0000000800000000)
  region size 16384K, 16 young (262144K), 6 survivors (98304K)
 Metaspace       used 39086K, committed 39616K, reserved 1114112K
  class space    used 4444K, committed 4672K, reserved 1048576K
}
Event: 197.188 GC heap after
{Heap after GC invocations=108 (full 1):
 garbage-first heap   total 5423104K, used 205562K [0x00000001c0000000, 0x0000000800000000)
  region size 16384K, 2 young (32768K), 2 survivors (32768K)
 Metaspace       used 39086K, committed 39616K, reserved 1114112K
  class space    used 4444K, committed 4672K, reserved 1048576K
}
Event: 206.836 GC heap before
{Heap before GC invocations=108 (full 1):
 garbage-first heap   total 5423104K, used 3400442K [0x00000001c0000000, 0x0000000800000000)
  region size 16384K, 198 young (3244032K), 2 survivors (32768K)
 Metaspace       used 39137K, committed 39680K, reserved 1114112K
  class space    used 4444K, committed 4672K, reserved 1048576K
}
Event: 206.969 GC heap after
{Heap after GC invocations=109 (full 1):
 garbage-first heap   total 5423104K, used 228125K [0x00000001c0000000, 0x0000000800000000)
  region size 16384K, 3 young (49152K), 3 survivors (49152K)
 Metaspace       used 39137K, committed 39680K, reserved 1114112K
  class space    used 4444K, committed 4672K, reserved 1048576K
}
Event: 222.134 GC heap before
{Heap before GC invocations=109 (full 1):
 garbage-first heap   total 5423104K, used 3423005K [0x00000001c0000000, 0x0000000800000000)
  region size 16384K, 198 young (3244032K), 3 survivors (49152K)
 Metaspace       used 39177K, committed 39680K, reserved 1114112K
  class space    used 4444K, committed 4672K, reserved 1048576K
}
Event: 222.261 GC heap after
{Heap after GC invocations=110 (full 1):
 garbage-first heap   total 5423104K, used 238872K [0x00000001c0000000, 0x0000000800000000)
  region size 16384K, 4 young (65536K), 4 survivors (65536K)
 Metaspace       used 39177K, committed 39680K, reserved 1114112K
  class space    used 4444K, committed 4672K, reserved 1048576K
}
Event: 240.673 GC heap before
{Heap before GC invocations=110 (full 1):
 garbage-first heap   total 5423104K, used 3400984K [0x00000001c0000000, 0x0000000800000000)
  region size 16384K, 198 young (3244032K), 4 survivors (65536K)
 Metaspace       used 39252K, committed 39808K, reserved 1114112K
  class space    used 4447K, committed 4672K, reserved 1048576K
}
Event: 240.955 GC heap after
{Heap after GC invocations=111 (full 1):
 garbage-first heap   total 5423104K, used 236405K [0x00000001c0000000, 0x0000000800000000)
  region size 16384K, 4 young (65536K), 4 survivors (65536K)
 Metaspace       used 39252K, committed 39808K, reserved 1114112K
  class space    used 4447K, committed 4672K, reserved 1048576K
}
Event: 242.782 GC heap before
{Heap before GC invocations=111 (full 1):
 garbage-first heap   total 5423104K, used 433013K [0x00000001c0000000, 0x0000000800000000)
  region size 16384K, 16 young (262144K), 4 survivors (65536K)
 Metaspace       used 39252K, committed 39808K, reserved 1114112K
  class space    used 4447K, committed 4672K, reserved 1048576K
}
Event: 243.415 GC heap after
{Heap after GC invocations=112 (full 1):
 garbage-first heap   total 5423104K, used 239635K [0x00000001c0000000, 0x0000000800000000)
  region size 16384K, 2 young (32768K), 2 survivors (32768K)
 Metaspace       used 39252K, committed 39808K, reserved 1114112K
  class space    used 4447K, committed 4672K, reserved 1048576K
}
Event: 244.455 GC heap before
{Heap before GC invocations=112 (full 1):
 garbage-first heap   total 5423104K, used 452627K [0x00000001c0000000, 0x0000000800000000)
  region size 16384K, 16 young (262144K), 2 survivors (32768K)
 Metaspace       used 39252K, committed 39808K, reserved 1114112K
  class space    used 4447K, committed 4672K, reserved 1048576K
}
Event: 244.643 GC heap after
{Heap after GC invocations=113 (full 1):
 garbage-first heap   total 5423104K, used 239278K [0x00000001c0000000, 0x0000000800000000)
  region size 16384K, 2 young (32768K), 2 survivors (32768K)
 Metaspace       used 39252K, committed 39808K, reserved 1114112K
  class space    used 4447K, committed 4672K, reserved 1048576K
}
Event: 245.056 GC heap before
{Heap before GC invocations=113 (full 1):
 garbage-first heap   total 5423104K, used 468654K [0x00000001c0000000, 0x0000000800000000)
  region size 16384K, 16 young (262144K), 2 survivors (32768K)
 Metaspace       used 39252K, committed 39808K, reserved 1114112K
  class space    used 4447K, committed 4672K, reserved 1048576K
}
Event: 245.250 GC heap after
{Heap after GC invocations=114 (full 1):
 garbage-first heap   total 5423104K, used 252386K [0x00000001c0000000, 0x0000000800000000)
  region size 16384K, 2 young (32768K), 2 survivors (32768K)
 Metaspace       used 39252K, committed 39808K, reserved 1114112K
  class space    used 4447K, committed 4672K, reserved 1048576K
}
Event: 245.572 GC heap before
{Heap before GC invocations=114 (full 1):
 garbage-first heap   total 5423104K, used 465378K [0x00000001c0000000, 0x0000000800000000)
  region size 16384K, 16 young (262144K), 2 survivors (32768K)
 Metaspace       used 39252K, committed 39808K, reserved 1114112K
  class space    used 4447K, committed 4672K, reserved 1048576K
}

Dll operation events (11 events):
Event: 0.025 Loaded shared library C:\PROGRA~1\Java\jdk-20\bin\java.dll
Event: 0.103 Loaded shared library C:\PROGRA~1\Java\jdk-20\bin\jsvml.dll
Event: 0.284 Loaded shared library C:\Program Files\Java\jdk-20\bin\net.dll
Event: 0.355 Loaded shared library C:\Program Files\Java\jdk-20\bin\nio.dll
Event: 0.446 Loaded shared library C:\Program Files\Java\jdk-20\bin\zip.dll
Event: 0.602 Loaded shared library C:\Program Files\Java\jdk-20\bin\management.dll
Event: 0.666 Loaded shared library C:\Program Files\Java\jdk-20\bin\management_ext.dll
Event: 0.762 Loaded shared library C:\Program Files\Java\jdk-20\bin\jimage.dll
Event: 1.903 Loaded shared library C:\PROGRA~1\Java\jdk-20\bin\verify.dll
Event: 2.333 Loaded shared library C:\Program Files\Java\jdk-20\bin\extnet.dll
Event: 2.613 Loaded shared library C:\Program Files\Java\jdk-20\bin\sunmscapi.dll

Deoptimization events (20 events):
Event: 200.928 Thread 0x000001e5344800a0 Uncommon trap: trap_request=0xffffff45 fr.pc=0x000001e5080c9754 relative=0x0000000000000234
Event: 200.928 Thread 0x000001e5344800a0 Uncommon trap: reason=unstable_if action=reinterpret pc=0x000001e5080c9754 method=jsr166y.ForkJoinPool.runWorker(Ljsr166y/ForkJoinPool$WorkQueue;)V @ 19 c2
Event: 200.929 Thread 0x000001e5344800a0 DEOPT PACKING pc=0x000001e5080c9754 sp=0x00000032086ff050
Event: 200.932 Thread 0x000001e5344800a0 DEOPT UNPACKING pc=0x000001e507599d22 sp=0x00000032086ff020 mode 2
Event: 201.499 Thread 0x000001e5322bb8c0 Uncommon trap: trap_request=0xfffffff4 fr.pc=0x000001e50842860c relative=0x0000000000006f6c
Event: 201.499 Thread 0x000001e5322bb8c0 Uncommon trap: reason=null_check action=make_not_entrant pc=0x000001e50842860c method=water.util.PojoUtils.copyProperties(Ljava/lang/Object;Ljava/lang/Object;Lwater/util/PojoUtils$FieldNaming;[Ljava/lang/String;[Ljava/lang/String;)V @ 1541 c2
Event: 201.499 Thread 0x000001e5322bb8c0 DEOPT PACKING pc=0x000001e50842860c sp=0x0000003204cfdc30
Event: 201.500 Thread 0x000001e5322bb8c0 DEOPT UNPACKING pc=0x000001e507599d22 sp=0x0000003204cfdc18 mode 2
Event: 204.965 Thread 0x000001e532064c80 Uncommon trap: trap_request=0xfffffff4 fr.pc=0x000001e5084396dc relative=0x0000000000006fbc
Event: 204.965 Thread 0x000001e532064c80 Uncommon trap: reason=null_check action=make_not_entrant pc=0x000001e5084396dc method=water.util.PojoUtils.copyProperties(Ljava/lang/Object;Ljava/lang/Object;Lwater/util/PojoUtils$FieldNaming;[Ljava/lang/String;[Ljava/lang/String;)V @ 1621 c2
Event: 204.965 Thread 0x000001e532064c80 DEOPT PACKING pc=0x000001e5084396dc sp=0x0000003203ffddc0
Event: 204.966 Thread 0x000001e532064c80 DEOPT UNPACKING pc=0x000001e507599d22 sp=0x0000003203ffdda8 mode 2
Event: 207.497 Thread 0x000001e5322bb8c0 Uncommon trap: trap_request=0xfffffff4 fr.pc=0x000001e50844b5d0 relative=0x00000000000071b0
Event: 207.497 Thread 0x000001e5322bb8c0 Uncommon trap: reason=null_check action=make_not_entrant pc=0x000001e50844b5d0 method=water.util.PojoUtils.copyProperties(Ljava/lang/Object;Ljava/lang/Object;Lwater/util/PojoUtils$FieldNaming;[Ljava/lang/String;[Ljava/lang/String;)V @ 1683 c2
Event: 207.497 Thread 0x000001e5322bb8c0 DEOPT PACKING pc=0x000001e50844b5d0 sp=0x0000003204cfdc40
Event: 207.499 Thread 0x000001e5322bb8c0 DEOPT UNPACKING pc=0x000001e507599d22 sp=0x0000003204cfdc28 mode 2
Event: 210.158 Thread 0x000001e532064c80 Uncommon trap: trap_request=0xfffffff4 fr.pc=0x000001e50845fa5c relative=0x000000000000703c
Event: 210.158 Thread 0x000001e532064c80 Uncommon trap: reason=null_check action=make_not_entrant pc=0x000001e50845fa5c method=water.util.PojoUtils.copyProperties(Ljava/lang/Object;Ljava/lang/Object;Lwater/util/PojoUtils$FieldNaming;[Ljava/lang/String;[Ljava/lang/String;)V @ 1888 c2
Event: 210.158 Thread 0x000001e532064c80 DEOPT PACKING pc=0x000001e50845fa5c sp=0x0000003203ffddc0
Event: 210.158 Thread 0x000001e532064c80 DEOPT UNPACKING pc=0x000001e507599d22 sp=0x0000003203ffdda8 mode 2

Classes loaded (20 events):
Event: 107.125 Loading class java/util/stream/DoublePipeline$8
Event: 107.125 Loading class java/util/stream/DoublePipeline$8 done
Event: 107.127 Loading class java/util/stream/DoublePipeline$8$1
Event: 107.127 Loading class java/util/stream/DoublePipeline$8$1 done
Event: 107.702 Loading class java/lang/invoke/WrongMethodTypeException
Event: 107.702 Loading class java/lang/invoke/WrongMethodTypeException done
Event: 107.724 Loading class jdk/internal/vm/annotation/IntrinsicCandidate
Event: 107.725 Loading class jdk/internal/vm/annotation/IntrinsicCandidate done
Event: 107.727 Loading class jdk/internal/reflect/DirectMethodHandleAccessor$NativeAccessor
Event: 107.727 Loading class jdk/internal/reflect/DirectMethodHandleAccessor$NativeAccessor done
Event: 109.261 Loading class java/awt/Image
Event: 109.262 Loading class java/awt/Image done
Event: 109.262 Loading class java/awt/image/BufferedImage
Event: 109.263 Loading class java/awt/image/WritableRenderedImage
Event: 109.263 Loading class java/awt/image/RenderedImage
Event: 109.264 Loading class java/awt/image/RenderedImage done
Event: 109.264 Loading class java/awt/image/WritableRenderedImage done
Event: 109.264 Loading class java/awt/Transparency
Event: 109.264 Loading class java/awt/Transparency done
Event: 109.264 Loading class java/awt/image/BufferedImage done

Classes unloaded (0 events):
No events

Classes redefined (0 events):
No events

Internal exceptions (20 events):
Event: 153.407 Thread 0x000001e57f806820 Exception <a 'java/lang/ClassCastException'{0x00000002577198b8}: class java.lang.Integer cannot be cast to class java.lang.Double (java.lang.Integer and java.lang.Double are in module java.base of loader 'bootstrap')> (0x00000002577198b8) 
thrown [s\open\src\hotspot\share\interpreter\interpreterRuntime.cpp, line 455]
Event: 153.407 Thread 0x000001e57f806820 Exception <a 'java/lang/ClassCastException'{0x000000025771b290}: class [B cannot be cast to class java.lang.Double ([B and java.lang.Double are in module java.base of loader 'bootstrap')> (0x000000025771b290) 
thrown [s\open\src\hotspot\share\interpreter\interpreterRuntime.cpp, line 455]
Event: 153.407 Thread 0x000001e57f806820 Exception <a 'java/lang/ClassCastException'{0x000000025771cf90}: class java.lang.String cannot be cast to class java.lang.Double (java.lang.String and java.lang.Double are in module java.base of loader 'bootstrap')> (0x000000025771cf90) 
thrown [s\open\src\hotspot\share\interpreter\interpreterRuntime.cpp, line 455]
Event: 153.410 Thread 0x000001e57f806820 Exception <a 'java/lang/ClassCastException'{0x000000025771d788}: class java.lang.Integer cannot be cast to class java.lang.Double (java.lang.Integer and java.lang.Double are in module java.base of loader 'bootstrap')> (0x000000025771d788) 
thrown [s\open\src\hotspot\share\interpreter\interpreterRuntime.cpp, line 455]
Event: 153.410 Thread 0x000001e57f806820 Exception <a 'java/lang/ClassCastException'{0x000000025771db50}: class java.lang.Class cannot be cast to class java.lang.Double (java.lang.Class and java.lang.Double are in module java.base of loader 'bootstrap')> (0x000000025771db50) 
thrown [s\open\src\hotspot\share\interpreter\interpreterRuntime.cpp, line 455]
Event: 153.411 Thread 0x000001e57f806820 Exception <a 'java/lang/IllegalMonitorStateException'{0x000000025771dea0}: current thread is not owner> (0x000000025771dea0) 
thrown [s\open\src\hotspot\share\runtime\objectMonitor.cpp, line 1416]
Event: 153.412 Thread 0x000001e57f806820 Exception <a 'java/lang/reflect/InvocationTargetException'{0x000000025771e178}> (0x000000025771e178) 
thrown [s\open\src\hotspot\share\runtime\reflection.cpp, line 1128]
Event: 153.412 Thread 0x000001e57f806820 Exception <a 'java/lang/IllegalMonitorStateException'{0x000000025771e4c8}: current thread is not owner> (0x000000025771e4c8) 
thrown [s\open\src\hotspot\share\runtime\objectMonitor.cpp, line 1416]
Event: 153.412 Thread 0x000001e57f806820 Exception <a 'java/lang/reflect/InvocationTargetException'{0x000000025771e7a0}> (0x000000025771e7a0) 
thrown [s\open\src\hotspot\share\runtime\reflection.cpp, line 1128]
Event: 153.413 Thread 0x000001e57f806820 Exception <a 'java/lang/IllegalMonitorStateException'{0x000000025771f330}: current thread is not owner> (0x000000025771f330) 
thrown [s\open\src\hotspot\share\runtime\objectMonitor.cpp, line 1416]
Event: 187.315 Thread 0x000001e53204b030 Implicit null exception at 0x000001e5083afe73 to 0x000001e5083b5bb8
Event: 188.524 Thread 0x000001e5322b8e40 Implicit null exception at 0x000001e5083c1d52 to 0x000001e5083c80bc
Event: 191.096 Thread 0x000001e5320661a0 Implicit null exception at 0x000001e5083d3ac6 to 0x000001e5083d9fb8
Event: 194.076 Thread 0x000001e532064c80 Implicit null exception at 0x000001e5083e675c to 0x000001e5083ecbfc
Event: 196.755 Thread 0x000001e5320661a0 Implicit null exception at 0x000001e5083f8e8b to 0x000001e5083feeb0
Event: 199.074 Thread 0x000001e532064c80 Implicit null exception at 0x000001e50840c110 to 0x000001e50841200c
Event: 201.499 Thread 0x000001e5322bb8c0 Implicit null exception at 0x000001e508422b0d to 0x000001e5084285f0
Event: 204.965 Thread 0x000001e532064c80 Implicit null exception at 0x000001e508433b6d to 0x000001e5084396b0
Event: 207.496 Thread 0x000001e5322bb8c0 Implicit null exception at 0x000001e5084458d5 to 0x000001e50844b5a8
Event: 210.158 Thread 0x000001e532064c80 Implicit null exception at 0x000001e508459eed to 0x000001e50845fa30

VM Operations (20 events):
Event: 218.159 Executing VM operation: Cleanup done
Event: 222.002 Executing VM operation: G1CollectForAllocation
Event: 222.262 Executing VM operation: G1CollectForAllocation done
Event: 229.323 Executing VM operation: Cleanup
Event: 229.338 Executing VM operation: Cleanup done
Event: 231.356 Executing VM operation: Cleanup
Event: 231.356 Executing VM operation: Cleanup done
Event: 235.390 Executing VM operation: Cleanup
Event: 235.394 Executing VM operation: Cleanup done
Event: 239.424 Executing VM operation: Cleanup
Event: 239.440 Executing VM operation: Cleanup done
Event: 240.654 Executing VM operation: G1CollectForAllocation
Event: 240.955 Executing VM operation: G1CollectForAllocation done
Event: 242.766 Executing VM operation: G1CollectForAllocation
Event: 243.426 Executing VM operation: G1CollectForAllocation done
Event: 244.447 Executing VM operation: G1CollectForAllocation
Event: 244.645 Executing VM operation: G1CollectForAllocation done
Event: 245.033 Executing VM operation: G1CollectForAllocation
Event: 245.252 Executing VM operation: G1CollectForAllocation done
Event: 245.572 Executing VM operation: G1CollectForAllocation

Events (20 events):
Event: 198.876 Thread 0x000001e53426cac0 Thread added: 0x000001e53426cac0
Event: 198.876 Thread 0x000001e53426f540 Thread added: 0x000001e53426f540
Event: 198.878 Thread 0x000001e53426eff0 Thread added: 0x000001e53426eff0
Event: 198.878 Thread 0x000001e53426fa90 Thread added: 0x000001e53426fa90
Event: 198.879 Thread 0x000001e534269af0 Thread added: 0x000001e534269af0
Event: 198.879 Thread 0x000001e534268060 Thread added: 0x000001e534268060
Event: 200.001 Thread 0x000001e534269af0 Thread exited: 0x000001e534269af0
Event: 200.932 Thread 0x000001e5344800a0 Thread exited: 0x000001e5344800a0
Event: 201.948 Thread 0x000001e53426fa90 Thread exited: 0x000001e53426fa90
Event: 202.954 Thread 0x000001e53426e550 Thread exited: 0x000001e53426e550
Event: 203.967 Thread 0x000001e53426f540 Thread exited: 0x000001e53426f540
Event: 204.981 Thread 0x000001e53426eaa0 Thread exited: 0x000001e53426eaa0
Event: 206.008 Thread 0x000001e53426c570 Thread exited: 0x000001e53426c570
Event: 207.014 Thread 0x000001e534268060 Thread exited: 0x000001e534268060
Event: 208.031 Thread 0x000001e53426e000 Thread exited: 0x000001e53426e000
Event: 209.043 Thread 0x000001e53426cac0 Thread exited: 0x000001e53426cac0
Event: 210.055 Thread 0x000001e53426eff0 Thread exited: 0x000001e53426eff0
Event: 222.579 Thread 0x000001e532016d20 Thread exited: 0x000001e532016d20
Event: 222.582 Thread 0x000001e53426eff0 Thread added: 0x000001e53426eff0
Event: 233.551 Thread 0x000001e532d876e0 Thread exited: 0x000001e532d876e0


Dynamic libraries:
0x00007ff62b000000 - 0x00007ff62b010000 	C:\PROGRA~1\Java\jdk-20\bin\java.exe
0x00007ff9f5ad0000 - 0x00007ff9f5ce7000 	C:\windows\SYSTEM32\ntdll.dll
0x00007ff9f4a40000 - 0x00007ff9f4b04000 	C:\windows\System32\KERNEL32.DLL
0x00007ff9f3150000 - 0x00007ff9f34f6000 	C:\windows\System32\KERNELBASE.dll
0x00007ff9f2ef0000 - 0x00007ff9f3001000 	C:\windows\System32\ucrtbase.dll
0x00007ff9c4ba0000 - 0x00007ff9c4bb9000 	C:\PROGRA~1\Java\jdk-20\bin\jli.dll
0x00007ff9f59e0000 - 0x00007ff9f5a90000 	C:\windows\System32\ADVAPI32.dll
0x00007ff9f4940000 - 0x00007ff9f49e7000 	C:\windows\System32\msvcrt.dll
0x00007ff9f55a0000 - 0x00007ff9f5646000 	C:\windows\System32\sechost.dll
0x00007ff9f4530000 - 0x00007ff9f4647000 	C:\windows\System32\RPCRT4.dll
0x00007ff9f41c0000 - 0x00007ff9f436d000 	C:\windows\System32\USER32.dll
0x00007ff9f3500000 - 0x00007ff9f3526000 	C:\windows\System32\win32u.dll
0x00007ff9f46a0000 - 0x00007ff9f46c9000 	C:\windows\System32\GDI32.dll
0x00007ff9f36a0000 - 0x00007ff9f37b8000 	C:\windows\System32\gdi32full.dll
0x00007ff9f2e50000 - 0x00007ff9f2eea000 	C:\windows\System32\msvcp_win.dll
0x00007ff9c4b80000 - 0x00007ff9c4b9b000 	C:\PROGRA~1\Java\jdk-20\bin\VCRUNTIME140.dll
0x00007ff9d1380000 - 0x00007ff9d1613000 	C:\windows\WinSxS\amd64_microsoft.windows.common-controls_6595b64144ccf1df_6.0.22621.2361_none_2712ced57382f843\COMCTL32.dll
0x00007ff9e2ed0000 - 0x00007ff9e2eda000 	C:\windows\SYSTEM32\VERSION.dll
0x00007ff9f4a00000 - 0x00007ff9f4a31000 	C:\windows\System32\IMM32.DLL
0x00007ff9c7600000 - 0x00007ff9c7763000 	C:\Program Files (x86)\Citrix\ICA Client\epclient64.dll
0x00007ff9f4b10000 - 0x00007ff9f4e9a000 	C:\windows\System32\combase.dll
0x00007ff9f2720000 - 0x00007ff9f2748000 	C:\windows\SYSTEM32\bcrypt.dll
0x00007ff9f1e80000 - 0x00007ff9f1eb4000 	C:\windows\SYSTEM32\ntmarta.dll
0x00007ff9f30d0000 - 0x00007ff9f314a000 	C:\windows\System32\bcryptprimitives.dll
0x00007ff9f1dc0000 - 0x00007ff9f1dd8000 	C:\windows\SYSTEM32\kernel.appcore.dll
0x00007ff9c4b70000 - 0x00007ff9c4b7c000 	C:\PROGRA~1\Java\jdk-20\bin\vcruntime140_1.dll
0x00007ff99a6b0000 - 0x00007ff99a73e000 	C:\PROGRA~1\Java\jdk-20\bin\msvcp140.dll
0x00007ff8f3d30000 - 0x00007ff8f49c7000 	C:\PROGRA~1\Java\jdk-20\bin\server\jvm.dll
0x00007ff9e7b10000 - 0x00007ff9e7b19000 	C:\windows\SYSTEM32\WSOCK32.dll
0x00007ff9f5900000 - 0x00007ff9f5971000 	C:\windows\System32\WS2_32.dll
0x00007ff9eb090000 - 0x00007ff9eb0c4000 	C:\windows\SYSTEM32\WINMM.dll
0x00007ff9c4b60000 - 0x00007ff9c4b6a000 	C:\PROGRA~1\Java\jdk-20\bin\jimage.dll
0x00007ff9f06f0000 - 0x00007ff9f091e000 	C:\windows\SYSTEM32\DBGHELP.DLL
0x000001e56f620000 - 0x000001e56f6f7000 	C:\windows\System32\OLEAUT32.dll
0x00007ff9cecf0000 - 0x00007ff9ced22000 	C:\windows\SYSTEM32\dbgcore.DLL
0x00007ff9c4b30000 - 0x00007ff9c4b56000 	C:\PROGRA~1\Java\jdk-20\bin\java.dll
0x00007ff93b840000 - 0x00007ff93b917000 	C:\PROGRA~1\Java\jdk-20\bin\jsvml.dll
0x00007ff9f3960000 - 0x00007ff9f41b8000 	C:\windows\System32\SHELL32.dll
0x00007ff9f0d60000 - 0x00007ff9f1652000 	C:\windows\SYSTEM32\windows.storage.dll
0x00007ff9f0c20000 - 0x00007ff9f0d5e000 	C:\windows\SYSTEM32\wintypes.dll
0x00007ff9f3860000 - 0x00007ff9f3953000 	C:\windows\System32\SHCORE.dll
0x00007ff9f58a0000 - 0x00007ff9f58fe000 	C:\windows\System32\shlwapi.dll
0x00007ff9f2d80000 - 0x00007ff9f2da6000 	C:\windows\SYSTEM32\profapi.dll
0x00007ff9b2af0000 - 0x00007ff9b2b03000 	C:\Program Files\Java\jdk-20\bin\net.dll
0x00007ff9ed280000 - 0x00007ff9ed3b7000 	C:\windows\SYSTEM32\WINHTTP.dll
0x00007ff9f2310000 - 0x00007ff9f2379000 	C:\windows\system32\mswsock.dll
0x00007ff9b2ad0000 - 0x00007ff9b2ae6000 	C:\Program Files\Java\jdk-20\bin\nio.dll
0x00007ff9b1dc0000 - 0x00007ff9b1dd8000 	C:\Program Files\Java\jdk-20\bin\zip.dll
0x00007ff9c4b20000 - 0x00007ff9c4b2a000 	C:\Program Files\Java\jdk-20\bin\management.dll
0x00007ff9b31a0000 - 0x00007ff9b31ab000 	C:\Program Files\Java\jdk-20\bin\management_ext.dll
0x00007ff9f3850000 - 0x00007ff9f3858000 	C:\windows\System32\PSAPI.DLL
0x00007ff9cecd0000 - 0x00007ff9cece7000 	C:\windows\system32\napinsp.dll
0x00007ff9cebe0000 - 0x00007ff9cebfb000 	C:\windows\system32\pnrpnsp.dll
0x00007ff9f18e0000 - 0x00007ff9f19d9000 	C:\windows\SYSTEM32\DNSAPI.dll
0x00007ff9f18b0000 - 0x00007ff9f18dd000 	C:\windows\SYSTEM32\IPHLPAPI.DLL
0x00007ff9f4930000 - 0x00007ff9f4939000 	C:\windows\System32\NSI.dll
0x00007ff9ce770000 - 0x00007ff9ce781000 	C:\windows\System32\winrnr.dll
0x00007ff9ce280000 - 0x00007ff9ce295000 	C:\windows\system32\wshbth.dll
0x00007ff9ce250000 - 0x00007ff9ce271000 	C:\windows\system32\nlansp_c.dll
0x00007ff9e9e50000 - 0x00007ff9e9e5a000 	C:\Windows\System32\rasadhlp.dll
0x00007ff9e98b0000 - 0x00007ff9e9934000 	C:\windows\System32\fwpuclnt.dll
0x00007ff9b3140000 - 0x00007ff9b3150000 	C:\PROGRA~1\Java\jdk-20\bin\verify.dll
0x00007ff9eb370000 - 0x00007ff9eb389000 	C:\windows\SYSTEM32\dhcpcsvc6.DLL
0x00007ff9eb350000 - 0x00007ff9eb36f000 	C:\windows\SYSTEM32\dhcpcsvc.DLL
0x00007ff9b1db0000 - 0x00007ff9b1db7000 	C:\Program Files\Java\jdk-20\bin\extnet.dll
0x00007ff9b1da0000 - 0x00007ff9b1dae000 	C:\Program Files\Java\jdk-20\bin\sunmscapi.dll
0x000001e532f10000 - 0x000001e533076000 	C:\windows\System32\CRYPT32.dll
0x00007ff9f26f0000 - 0x00007ff9f271d000 	C:\windows\SYSTEM32\ncrypt.dll
0x00007ff9f26b0000 - 0x00007ff9f26e7000 	C:\windows\SYSTEM32\NTASN1.dll
0x00007ff9bc000000 - 0x00007ff9bc008000 	C:\windows\system32\wshunix.dll
0x00007ff9f2560000 - 0x00007ff9f257b000 	C:\windows\SYSTEM32\CRYPTSP.dll
0x00007ff9f1de0000 - 0x00007ff9f1e15000 	C:\windows\system32\rsaenh.dll
0x00007ff9f2400000 - 0x00007ff9f242c000 	C:\windows\SYSTEM32\USERENV.dll
0x00007ff9f2580000 - 0x00007ff9f258c000 	C:\windows\SYSTEM32\CRYPTBASE.dll
0x00007ff985e90000 - 0x00007ff985ee0000 	C:\windows\SYSTEM32\pdh.dll
0x00007ff9d3af0000 - 0x00007ff9d3b00000 	C:\windows\System32\perfos.dll
0x00007ff9f0070000 - 0x00007ff9f0080000 	C:\windows\SYSTEM32\pfclient.dll

dbghelp: loaded successfully - version: 4.0.5 - missing functions: none
symbol engine: initialized successfully - sym options: 0x614 - pdb path: .;C:\PROGRA~1\Java\jdk-20\bin;C:\windows\SYSTEM32;C:\windows\WinSxS\amd64_microsoft.windows.common-controls_6595b64144ccf1df_6.0.22621.2361_none_2712ced57382f843;C:\Program Files (x86)\Citrix\ICA Client;C:\PROGRA~1\Java\jdk-20\bin\server;C:\Program Files\Java\jdk-20\bin

VM Arguments:
jvm_args: -Xmx25g -ea 
java_command: C:/Users/dilsh/AppData/Local/R/win-library/4.3/h2o/java/h2o.jar -name H2O_started_from_R_dilsh_gur827 -ip localhost -web_ip localhost -port 54321 -ice_root C:/Users/dilsh/AppData/Local/Temp/RtmpE5cvNM -allow_unsupported_java
java_class_path (initial): C:/Users/dilsh/AppData/Local/R/win-library/4.3/h2o/java/h2o.jar
Launcher Type: SUN_STANDARD

[Global flags]
     intx CICompilerCount                          = 4                                         {product} {ergonomic}
     uint ConcGCThreads                            = 3                                         {product} {ergonomic}
     uint G1ConcRefinementThreads                  = 10                                        {product} {ergonomic}
   size_t G1HeapRegionSize                         = 16777216                                  {product} {ergonomic}
    uintx GCDrainStackTargetSize                   = 64                                        {product} {ergonomic}
   size_t InitialHeapSize                          = 134217728                                 {product} {ergonomic}
   size_t MarkStackSize                            = 4194304                                   {product} {ergonomic}
   size_t MaxHeapSize                              = 26843545600                               {product} {command line}
   size_t MaxNewSize                               = 16106127360                               {product} {ergonomic}
   size_t MinHeapDeltaBytes                        = 16777216                                  {product} {ergonomic}
   size_t MinHeapSize                              = 16777216                                  {product} {ergonomic}
    uintx NonNMethodCodeHeapSize                   = 5839372                                {pd product} {ergonomic}
    uintx NonProfiledCodeHeapSize                  = 122909434                              {pd product} {ergonomic}
    uintx ProfiledCodeHeapSize                     = 122909434                              {pd product} {ergonomic}
    uintx ReservedCodeCacheSize                    = 251658240                              {pd product} {ergonomic}
     bool SegmentedCodeCache                       = true                                      {product} {ergonomic}
   size_t SoftMaxHeapSize                          = 26843545600                            {manageable} {ergonomic}
     bool UseCompressedClassPointers               = true                           {product lp64_product} {ergonomic}
     bool UseCompressedOops                        = true                           {product lp64_product} {ergonomic}
     bool UseG1GC                                  = true                                      {product} {ergonomic}
     bool UseLargePagesIndividualAllocation        = false                                  {pd product} {ergonomic}

Logging:
Log output configuration:
 #0: stdout all=warning uptime,level,tags foldmultilines=false
 #1: stderr all=off uptime,level,tags foldmultilines=false

Environment Variables:
PATH=C:\rtools43\x86_64-w64-mingw32.static.posix\bin;C:\rtools43\usr\bin;C:\Program Files\R\R-4.3.0\bin\x64;C:\Program Files\Common Files\Oracle\Java\javapath;C:\windows\system32;C:\windows;C:\windows\System32\Wbem;C:\windows\System32\WindowsPowerShell\v1.0\;C:\windows\System32\OpenSSH\;C:\Program Files\Wolfram Research\WolframScript\;C:\Program Files\Git\cmd;C:\Users\dilsh\AppData\Local\Microsoft\WindowsApps;C:\texlive\2023\bin\windows;C:\Program Files\RStudio\resources\app\bin\quarto\bin;C:\Program Files\RStudio\resources\app\bin\postback
USERNAME=dilsh
DISPLAY=:0
TERM=xterm-256color
OS=Windows_NT
PROCESSOR_IDENTIFIER=Intel64 Family 6 Model 154 Stepping 4, GenuineIntel
TMP=C:\Users\dilsh\AppData\Local\Temp
TEMP=C:\Users\dilsh\AppData\Local\Temp




---------------  S Y S T E M  ---------------

OS:
 Windows 11 , 64 bit Build 22621 (10.0.22621.2428)
OS uptime: 7 days 6:16 hours
Hyper-V role detected

CPU: total 12 (initial active 12) (6 cores per cpu, 2 threads per core) family 6 model 154 stepping 4 microcode 0x42c, cx8, cmov, fxsr, ht, mmx, 3dnowpref, sse, sse2, sse3, ssse3, sse4.1, sse4.2, popcnt, lzcnt, tsc, tscinvbit, avx, avx2, aes, erms, clmul, bmi1, bmi2, adx, sha, fma, vzeroupper, clflush, clflushopt, clwb, hv, serialize, rdtscp, rdpid, fsrm, f16c, cet_ibt, cet_ss

Memory: 4k page, system-wide physical 7863M (23M free)
TotalPageFile size 31724M (AvailPageFile size 5164M)
current process WorkingSet (physical memory assigned to process): 60M, peak: 2154M
current process commit charge ("private bytes"): 5638M, peak: 12630M

vm_info: Java HotSpot(TM) 64-Bit Server VM (20.0.1+9-29) for windows-amd64 JRE (20.0.1+9-29), built on 2023-03-07T13:56:11Z by "mach5one" with MS VC++ 17.1 (VS2022)

END.
